2021-02-25 15:53:39.993  INFO 8748 --- [restartedMain] c.w.s.SpringbootWebApplication           : Starting SpringbootWebApplication using Java 1.8.0_221 on DESKTOP-25LNI6I with PID 8748 (D:\IdeaWorkPlaces\DubboVue\dubbo-root\springboot-web\target\classes started by LY in D:\IdeaWorkPlaces\DubboVue\dubbo-root)
2021-02-25 15:53:39.996  INFO 8748 --- [restartedMain] c.w.s.SpringbootWebApplication           : The following profiles are active: dev
2021-02-25 15:53:40.049  INFO 8748 --- [restartedMain] .e.DevToolsPropertyDefaultsPostProcessor : Devtools property defaults active! Set 'spring.devtools.add-properties' to 'false' to disable
2021-02-25 15:53:40.049  INFO 8748 --- [restartedMain] .e.DevToolsPropertyDefaultsPostProcessor : For additional web related logging consider setting the 'logging.level.web' property to 'DEBUG'
2021-02-25 15:53:41.025  INFO 8748 --- [restartedMain] o.s.b.w.embedded.tomcat.TomcatWebServer  : Tomcat initialized with port(s): 8888 (http)
2021-02-25 15:53:41.035  INFO 8748 --- [restartedMain] o.apache.catalina.core.StandardService   : Starting service [Tomcat]
2021-02-25 15:53:41.035  INFO 8748 --- [restartedMain] org.apache.catalina.core.StandardEngine  : Starting Servlet engine: [Apache Tomcat/9.0.43]
2021-02-25 15:53:41.092  INFO 8748 --- [restartedMain] o.a.c.c.C.[Tomcat].[localhost].[/]       : Initializing Spring embedded WebApplicationContext
2021-02-25 15:53:41.093  INFO 8748 --- [restartedMain] w.s.c.ServletWebServerApplicationContext : Root WebApplicationContext: initialization completed in 1042 ms
2021-02-25 15:53:41.244  INFO 8748 --- [restartedMain] o.s.s.concurrent.ThreadPoolTaskExecutor  : Initializing ExecutorService 'applicationTaskExecutor'
2021-02-25 15:53:41.388  INFO 8748 --- [restartedMain] o.s.b.d.a.OptionalLiveReloadServer       : LiveReload server is running on port 35729
2021-02-25 15:53:41.417  INFO 8748 --- [restartedMain] o.s.b.w.embedded.tomcat.TomcatWebServer  : Tomcat started on port(s): 8888 (http) with context path ''
2021-02-25 15:53:41.426  INFO 8748 --- [restartedMain] c.w.s.SpringbootWebApplication           : Started SpringbootWebApplication in 1.905 seconds (JVM running for 7.445)
2021-02-25 15:53:49.243  INFO 8748 --- [Thread-10] o.s.s.concurrent.ThreadPoolTaskExecutor  : Shutting down ExecutorService 'applicationTaskExecutor'
2021-02-25 15:53:49.339  INFO 8748 --- [restartedMain] c.w.s.SpringbootWebApplication           : Starting SpringbootWebApplication using Java 1.8.0_221 on DESKTOP-25LNI6I with PID 8748 (D:\IdeaWorkPlaces\DubboVue\dubbo-root\springboot-web\target\classes started by LY in D:\IdeaWorkPlaces\DubboVue\dubbo-root)
2021-02-25 15:53:49.339  INFO 8748 --- [restartedMain] c.w.s.SpringbootWebApplication           : The following profiles are active: dev
2021-02-25 15:53:49.506  INFO 8748 --- [restartedMain] o.s.b.w.embedded.tomcat.TomcatWebServer  : Tomcat initialized with port(s): 8888 (http)
2021-02-25 15:53:49.507  INFO 8748 --- [restartedMain] o.apache.catalina.core.StandardService   : Starting service [Tomcat]
2021-02-25 15:53:49.507  INFO 8748 --- [restartedMain] org.apache.catalina.core.StandardEngine  : Starting Servlet engine: [Apache Tomcat/9.0.43]
2021-02-25 15:53:49.519  INFO 8748 --- [restartedMain] o.a.c.c.C.[Tomcat].[localhost].[/]       : Initializing Spring embedded WebApplicationContext
2021-02-25 15:53:49.519  INFO 8748 --- [restartedMain] w.s.c.ServletWebServerApplicationContext : Root WebApplicationContext: initialization completed in 177 ms
2021-02-25 15:53:49.566  INFO 8748 --- [restartedMain] o.s.s.concurrent.ThreadPoolTaskExecutor  : Initializing ExecutorService 'applicationTaskExecutor'
2021-02-25 15:53:49.595  INFO 8748 --- [restartedMain] o.s.b.d.a.OptionalLiveReloadServer       : LiveReload server is running on port 35729
2021-02-25 15:53:49.604  INFO 8748 --- [restartedMain] o.s.b.w.embedded.tomcat.TomcatWebServer  : Tomcat started on port(s): 8888 (http) with context path ''
2021-02-25 15:53:49.607  INFO 8748 --- [restartedMain] c.w.s.SpringbootWebApplication           : Started SpringbootWebApplication in 0.296 seconds (JVM running for 15.625)
2021-02-25 15:53:49.609  INFO 8748 --- [restartedMain] .ConditionEvaluationDeltaLoggingListener : Condition evaluation unchanged
2021-02-25 15:54:10.813  INFO 8748 --- [Thread-17] o.s.s.concurrent.ThreadPoolTaskExecutor  : Shutting down ExecutorService 'applicationTaskExecutor'
