2021-02-26 10:48:19.985  INFO 6380 --- [restartedMain] c.w.s.SpringbootWebApplication           : Starting SpringbootWebApplication using Java 1.8.0_221 on DESKTOP-25LNI6I with PID 6380 (D:\IdeaWorkPlaces\DubboVue\dubbo-root\springboot-web\target\classes started by LY in D:\IdeaWorkPlaces\DubboVue\dubbo-root)
2021-02-26 10:48:19.990  INFO 6380 --- [restartedMain] c.w.s.SpringbootWebApplication           : The following profiles are active: dev
2021-02-26 10:48:20.200  INFO 6380 --- [restartedMain] .e.DevToolsPropertyDefaultsPostProcessor : Devtools property defaults active! Set 'spring.devtools.add-properties' to 'false' to disable
2021-02-26 10:48:20.200  INFO 6380 --- [restartedMain] .e.DevToolsPropertyDefaultsPostProcessor : For additional web related logging consider setting the 'logging.level.web' property to 'DEBUG'
2021-02-26 10:48:23.170  INFO 6380 --- [restartedMain] o.s.b.w.embedded.tomcat.TomcatWebServer  : Tomcat initialized with port(s): 8888 (http)
2021-02-26 10:48:23.191  INFO 6380 --- [restartedMain] o.apache.catalina.core.StandardService   : Starting service [Tomcat]
2021-02-26 10:48:23.192  INFO 6380 --- [restartedMain] org.apache.catalina.core.StandardEngine  : Starting Servlet engine: [Apache Tomcat/9.0.43]
2021-02-26 10:48:23.301  INFO 6380 --- [restartedMain] o.a.c.c.C.[Tomcat].[localhost].[/]       : Initializing Spring embedded WebApplicationContext
2021-02-26 10:48:23.302  INFO 6380 --- [restartedMain] w.s.c.ServletWebServerApplicationContext : Root WebApplicationContext: initialization completed in 3101 ms
2021-02-26 10:48:23.635  INFO 6380 --- [restartedMain] o.s.s.concurrent.ThreadPoolTaskExecutor  : Initializing ExecutorService 'applicationTaskExecutor'
2021-02-26 10:48:23.932  INFO 6380 --- [restartedMain] o.s.b.d.a.OptionalLiveReloadServer       : LiveReload server is running on port 35729
2021-02-26 10:48:23.987  INFO 6380 --- [restartedMain] o.s.b.w.embedded.tomcat.TomcatWebServer  : Tomcat started on port(s): 8888 (http) with context path ''
2021-02-26 10:48:24.005  INFO 6380 --- [restartedMain] c.w.s.SpringbootWebApplication           : Started SpringbootWebApplication in 4.847 seconds (JVM running for 11.76)
2021-02-26 10:50:03.863  INFO 6380 --- [http-nio-8888-exec-1] o.a.c.c.C.[Tomcat].[localhost].[/]       : Initializing Spring DispatcherServlet 'dispatcherServlet'
2021-02-26 10:50:03.863  INFO 6380 --- [http-nio-8888-exec-1] o.s.web.servlet.DispatcherServlet        : Initializing Servlet 'dispatcherServlet'
2021-02-26 10:50:03.864  INFO 6380 --- [http-nio-8888-exec-1] o.s.web.servlet.DispatcherServlet        : Completed initialization in 1 ms
2021-02-26 10:55:33.559  INFO 6380 --- [Thread-16] o.s.s.concurrent.ThreadPoolTaskExecutor  : Shutting down ExecutorService 'applicationTaskExecutor'
2021-02-26 10:55:33.886  INFO 6380 --- [restartedMain] c.w.s.SpringbootWebApplication           : Starting SpringbootWebApplication using Java 1.8.0_221 on DESKTOP-25LNI6I with PID 6380 (D:\IdeaWorkPlaces\DubboVue\dubbo-root\springboot-web\target\classes started by LY in D:\IdeaWorkPlaces\DubboVue\dubbo-root)
2021-02-26 10:55:33.886  INFO 6380 --- [restartedMain] c.w.s.SpringbootWebApplication           : The following profiles are active: dev
2021-02-26 10:55:34.289  INFO 6380 --- [restartedMain] o.s.b.w.embedded.tomcat.TomcatWebServer  : Tomcat initialized with port(s): 8888 (http)
2021-02-26 10:55:34.290  INFO 6380 --- [restartedMain] o.apache.catalina.core.StandardService   : Starting service [Tomcat]
2021-02-26 10:55:34.290  INFO 6380 --- [restartedMain] org.apache.catalina.core.StandardEngine  : Starting Servlet engine: [Apache Tomcat/9.0.43]
2021-02-26 10:55:34.365  INFO 6380 --- [restartedMain] o.a.c.c.C.[Tomcat].[localhost].[/]       : Initializing Spring embedded WebApplicationContext
2021-02-26 10:55:34.366  INFO 6380 --- [restartedMain] w.s.c.ServletWebServerApplicationContext : Root WebApplicationContext: initialization completed in 478 ms
2021-02-26 10:55:34.473  INFO 6380 --- [restartedMain] o.s.s.concurrent.ThreadPoolTaskExecutor  : Initializing ExecutorService 'applicationTaskExecutor'
2021-02-26 10:55:34.523  INFO 6380 --- [restartedMain] o.s.b.d.a.OptionalLiveReloadServer       : LiveReload server is running on port 35729
2021-02-26 10:55:34.538  INFO 6380 --- [restartedMain] o.s.b.w.embedded.tomcat.TomcatWebServer  : Tomcat started on port(s): 8888 (http) with context path ''
2021-02-26 10:55:34.548  INFO 6380 --- [restartedMain] c.w.s.SpringbootWebApplication           : Started SpringbootWebApplication in 0.701 seconds (JVM running for 442.304)
2021-02-26 10:55:34.551  INFO 6380 --- [restartedMain] .ConditionEvaluationDeltaLoggingListener : Condition evaluation unchanged
2021-02-26 10:55:36.261  INFO 6380 --- [Thread-23] o.s.s.concurrent.ThreadPoolTaskExecutor  : Shutting down ExecutorService 'applicationTaskExecutor'
2021-02-26 10:55:36.368  INFO 6380 --- [restartedMain] c.w.s.SpringbootWebApplication           : Starting SpringbootWebApplication using Java 1.8.0_221 on DESKTOP-25LNI6I with PID 6380 (D:\IdeaWorkPlaces\DubboVue\dubbo-root\springboot-web\target\classes started by LY in D:\IdeaWorkPlaces\DubboVue\dubbo-root)
2021-02-26 10:55:36.369  INFO 6380 --- [restartedMain] c.w.s.SpringbootWebApplication           : The following profiles are active: dev
2021-02-26 10:55:36.520  INFO 6380 --- [restartedMain] o.s.b.w.embedded.tomcat.TomcatWebServer  : Tomcat initialized with port(s): 8888 (http)
2021-02-26 10:55:36.521  INFO 6380 --- [restartedMain] o.apache.catalina.core.StandardService   : Starting service [Tomcat]
2021-02-26 10:55:36.521  INFO 6380 --- [restartedMain] org.apache.catalina.core.StandardEngine  : Starting Servlet engine: [Apache Tomcat/9.0.43]
2021-02-26 10:55:36.557  INFO 6380 --- [restartedMain] o.a.c.c.C.[Tomcat].[localhost].[/]       : Initializing Spring embedded WebApplicationContext
2021-02-26 10:55:36.557  INFO 6380 --- [restartedMain] w.s.c.ServletWebServerApplicationContext : Root WebApplicationContext: initialization completed in 185 ms
2021-02-26 10:55:36.602  INFO 6380 --- [restartedMain] o.s.s.concurrent.ThreadPoolTaskExecutor  : Initializing ExecutorService 'applicationTaskExecutor'
2021-02-26 10:55:36.629  INFO 6380 --- [restartedMain] o.s.b.d.a.OptionalLiveReloadServer       : LiveReload server is running on port 35729
2021-02-26 10:55:36.637  INFO 6380 --- [restartedMain] o.s.b.w.embedded.tomcat.TomcatWebServer  : Tomcat started on port(s): 8888 (http) with context path ''
2021-02-26 10:55:36.640  INFO 6380 --- [restartedMain] c.w.s.SpringbootWebApplication           : Started SpringbootWebApplication in 0.296 seconds (JVM running for 444.395)
2021-02-26 10:55:36.642  INFO 6380 --- [restartedMain] .ConditionEvaluationDeltaLoggingListener : Condition evaluation unchanged
2021-02-26 10:55:40.789  INFO 6380 --- [http-nio-8888-exec-2] o.a.c.c.C.[Tomcat].[localhost].[/]       : Initializing Spring DispatcherServlet 'dispatcherServlet'
2021-02-26 10:55:40.790  INFO 6380 --- [http-nio-8888-exec-2] o.s.web.servlet.DispatcherServlet        : Initializing Servlet 'dispatcherServlet'
2021-02-26 10:55:40.791  INFO 6380 --- [http-nio-8888-exec-2] o.s.web.servlet.DispatcherServlet        : Completed initialization in 1 ms
2021-02-26 11:23:53.335  INFO 6380 --- [Thread-28] o.s.s.concurrent.ThreadPoolTaskExecutor  : Shutting down ExecutorService 'applicationTaskExecutor'
2021-02-26 11:23:53.484  INFO 6380 --- [restartedMain] c.w.s.SpringbootWebApplication           : Starting SpringbootWebApplication using Java 1.8.0_221 on DESKTOP-25LNI6I with PID 6380 (D:\IdeaWorkPlaces\DubboVue\dubbo-root\springboot-web\target\classes started by LY in D:\IdeaWorkPlaces\DubboVue\dubbo-root)
2021-02-26 11:23:53.484  INFO 6380 --- [restartedMain] c.w.s.SpringbootWebApplication           : The following profiles are active: dev
2021-02-26 11:23:53.687  INFO 6380 --- [restartedMain] o.s.b.w.embedded.tomcat.TomcatWebServer  : Tomcat initialized with port(s): 8888 (http)
2021-02-26 11:23:53.688  INFO 6380 --- [restartedMain] o.apache.catalina.core.StandardService   : Starting service [Tomcat]
2021-02-26 11:23:53.688  INFO 6380 --- [restartedMain] org.apache.catalina.core.StandardEngine  : Starting Servlet engine: [Apache Tomcat/9.0.43]
2021-02-26 11:23:53.697  INFO 6380 --- [restartedMain] o.a.c.c.C.[Tomcat].[localhost].[/]       : Initializing Spring embedded WebApplicationContext
2021-02-26 11:23:53.697  INFO 6380 --- [restartedMain] w.s.c.ServletWebServerApplicationContext : Root WebApplicationContext: initialization completed in 210 ms
2021-02-26 11:23:53.736  INFO 6380 --- [restartedMain] o.s.s.concurrent.ThreadPoolTaskExecutor  : Initializing ExecutorService 'applicationTaskExecutor'
2021-02-26 11:23:53.762  INFO 6380 --- [restartedMain] o.s.b.d.a.OptionalLiveReloadServer       : LiveReload server is running on port 35729
2021-02-26 11:23:53.771  INFO 6380 --- [restartedMain] o.s.b.w.embedded.tomcat.TomcatWebServer  : Tomcat started on port(s): 8888 (http) with context path ''
2021-02-26 11:23:53.774  INFO 6380 --- [restartedMain] c.w.s.SpringbootWebApplication           : Started SpringbootWebApplication in 0.314 seconds (JVM running for 2141.529)
2021-02-26 11:23:53.775  INFO 6380 --- [restartedMain] .ConditionEvaluationDeltaLoggingListener : Condition evaluation unchanged
2021-02-26 11:23:55.670  INFO 6380 --- [Thread-33] o.s.s.concurrent.ThreadPoolTaskExecutor  : Shutting down ExecutorService 'applicationTaskExecutor'
2021-02-26 11:23:55.777  INFO 6380 --- [restartedMain] c.w.s.SpringbootWebApplication           : Starting SpringbootWebApplication using Java 1.8.0_221 on DESKTOP-25LNI6I with PID 6380 (D:\IdeaWorkPlaces\DubboVue\dubbo-root\springboot-web\target\classes started by LY in D:\IdeaWorkPlaces\DubboVue\dubbo-root)
2021-02-26 11:23:55.778  INFO 6380 --- [restartedMain] c.w.s.SpringbootWebApplication           : The following profiles are active: dev
2021-02-26 11:23:55.930  INFO 6380 --- [restartedMain] o.s.b.w.embedded.tomcat.TomcatWebServer  : Tomcat initialized with port(s): 8888 (http)
2021-02-26 11:23:55.931  INFO 6380 --- [restartedMain] o.apache.catalina.core.StandardService   : Starting service [Tomcat]
2021-02-26 11:23:55.932  INFO 6380 --- [restartedMain] org.apache.catalina.core.StandardEngine  : Starting Servlet engine: [Apache Tomcat/9.0.43]
2021-02-26 11:23:55.942  INFO 6380 --- [restartedMain] o.a.c.c.C.[Tomcat].[localhost].[/]       : Initializing Spring embedded WebApplicationContext
2021-02-26 11:23:55.942  INFO 6380 --- [restartedMain] w.s.c.ServletWebServerApplicationContext : Root WebApplicationContext: initialization completed in 162 ms
2021-02-26 11:23:55.983  INFO 6380 --- [restartedMain] o.s.s.concurrent.ThreadPoolTaskExecutor  : Initializing ExecutorService 'applicationTaskExecutor'
2021-02-26 11:23:56.006  INFO 6380 --- [restartedMain] o.s.b.d.a.OptionalLiveReloadServer       : LiveReload server is running on port 35729
2021-02-26 11:23:56.014  INFO 6380 --- [restartedMain] o.s.b.w.embedded.tomcat.TomcatWebServer  : Tomcat started on port(s): 8888 (http) with context path ''
2021-02-26 11:23:56.018  INFO 6380 --- [restartedMain] c.w.s.SpringbootWebApplication           : Started SpringbootWebApplication in 0.265 seconds (JVM running for 2143.772)
2021-02-26 11:23:56.019  INFO 6380 --- [restartedMain] .ConditionEvaluationDeltaLoggingListener : Condition evaluation unchanged
2021-02-26 11:25:11.046  INFO 6380 --- [Thread-38] o.s.s.concurrent.ThreadPoolTaskExecutor  : Shutting down ExecutorService 'applicationTaskExecutor'
2021-02-26 11:25:11.208  INFO 6380 --- [restartedMain] c.w.s.SpringbootWebApplication           : Starting SpringbootWebApplication using Java 1.8.0_221 on DESKTOP-25LNI6I with PID 6380 (D:\IdeaWorkPlaces\DubboVue\dubbo-root\springboot-web\target\classes started by LY in D:\IdeaWorkPlaces\DubboVue\dubbo-root)
2021-02-26 11:25:11.209  INFO 6380 --- [restartedMain] c.w.s.SpringbootWebApplication           : The following profiles are active: dev
2021-02-26 11:25:11.476  INFO 6380 --- [restartedMain] o.s.b.w.embedded.tomcat.TomcatWebServer  : Tomcat initialized with port(s): 8888 (http)
2021-02-26 11:25:11.477  INFO 6380 --- [restartedMain] o.apache.catalina.core.StandardService   : Starting service [Tomcat]
2021-02-26 11:25:11.477  INFO 6380 --- [restartedMain] org.apache.catalina.core.StandardEngine  : Starting Servlet engine: [Apache Tomcat/9.0.43]
2021-02-26 11:25:11.495  INFO 6380 --- [restartedMain] o.a.c.c.C.[Tomcat].[localhost].[/]       : Initializing Spring embedded WebApplicationContext
2021-02-26 11:25:11.495  INFO 6380 --- [restartedMain] w.s.c.ServletWebServerApplicationContext : Root WebApplicationContext: initialization completed in 283 ms
2021-02-26 11:25:11.539  INFO 6380 --- [restartedMain] o.s.s.concurrent.ThreadPoolTaskExecutor  : Initializing ExecutorService 'applicationTaskExecutor'
2021-02-26 11:25:11.569  INFO 6380 --- [restartedMain] o.s.b.d.a.OptionalLiveReloadServer       : LiveReload server is running on port 35729
2021-02-26 11:25:11.580  INFO 6380 --- [restartedMain] o.s.b.w.embedded.tomcat.TomcatWebServer  : Tomcat started on port(s): 8888 (http) with context path ''
2021-02-26 11:25:11.583  INFO 6380 --- [restartedMain] c.w.s.SpringbootWebApplication           : Started SpringbootWebApplication in 0.441 seconds (JVM running for 2219.338)
2021-02-26 11:25:11.584  INFO 6380 --- [restartedMain] .ConditionEvaluationDeltaLoggingListener : Condition evaluation unchanged
2021-02-26 11:26:10.724  INFO 6380 --- [Thread-43] o.s.s.concurrent.ThreadPoolTaskExecutor  : Shutting down ExecutorService 'applicationTaskExecutor'
2021-02-26 11:26:10.817  INFO 6380 --- [restartedMain] c.w.s.SpringbootWebApplication           : Starting SpringbootWebApplication using Java 1.8.0_221 on DESKTOP-25LNI6I with PID 6380 (D:\IdeaWorkPlaces\DubboVue\dubbo-root\springboot-web\target\classes started by LY in D:\IdeaWorkPlaces\DubboVue\dubbo-root)
2021-02-26 11:26:10.817  INFO 6380 --- [restartedMain] c.w.s.SpringbootWebApplication           : The following profiles are active: dev
2021-02-26 11:26:10.967  INFO 6380 --- [restartedMain] o.s.b.w.embedded.tomcat.TomcatWebServer  : Tomcat initialized with port(s): 8888 (http)
2021-02-26 11:26:10.968  INFO 6380 --- [restartedMain] o.apache.catalina.core.StandardService   : Starting service [Tomcat]
2021-02-26 11:26:10.968  INFO 6380 --- [restartedMain] org.apache.catalina.core.StandardEngine  : Starting Servlet engine: [Apache Tomcat/9.0.43]
2021-02-26 11:26:10.979  INFO 6380 --- [restartedMain] o.a.c.c.C.[Tomcat].[localhost].[/]       : Initializing Spring embedded WebApplicationContext
2021-02-26 11:26:10.979  INFO 6380 --- [restartedMain] w.s.c.ServletWebServerApplicationContext : Root WebApplicationContext: initialization completed in 159 ms
2021-02-26 11:26:11.016  INFO 6380 --- [restartedMain] o.s.s.concurrent.ThreadPoolTaskExecutor  : Initializing ExecutorService 'applicationTaskExecutor'
2021-02-26 11:26:11.172  INFO 6380 --- [restartedMain] o.s.b.d.a.OptionalLiveReloadServer       : LiveReload server is running on port 35729
2021-02-26 11:26:11.186  INFO 6380 --- [restartedMain] o.s.b.w.embedded.tomcat.TomcatWebServer  : Tomcat started on port(s): 8888 (http) with context path ''
2021-02-26 11:26:11.190  INFO 6380 --- [restartedMain] c.w.s.SpringbootWebApplication           : Started SpringbootWebApplication in 0.394 seconds (JVM running for 2278.945)
2021-02-26 11:26:11.192  INFO 6380 --- [restartedMain] .ConditionEvaluationDeltaLoggingListener : Condition evaluation unchanged
2021-02-26 11:26:26.364  INFO 6380 --- [Thread-48] o.s.s.concurrent.ThreadPoolTaskExecutor  : Shutting down ExecutorService 'applicationTaskExecutor'
2021-02-26 11:26:26.459  INFO 6380 --- [restartedMain] c.w.s.SpringbootWebApplication           : Starting SpringbootWebApplication using Java 1.8.0_221 on DESKTOP-25LNI6I with PID 6380 (D:\IdeaWorkPlaces\DubboVue\dubbo-root\springboot-web\target\classes started by LY in D:\IdeaWorkPlaces\DubboVue\dubbo-root)
2021-02-26 11:26:26.460  INFO 6380 --- [restartedMain] c.w.s.SpringbootWebApplication           : The following profiles are active: dev
2021-02-26 11:26:26.769  INFO 6380 --- [restartedMain] o.s.b.w.embedded.tomcat.TomcatWebServer  : Tomcat initialized with port(s): 8888 (http)
2021-02-26 11:26:26.770  INFO 6380 --- [restartedMain] o.apache.catalina.core.StandardService   : Starting service [Tomcat]
2021-02-26 11:26:26.808  INFO 6380 --- [restartedMain] org.apache.catalina.core.StandardEngine  : Starting Servlet engine: [Apache Tomcat/9.0.43]
2021-02-26 11:26:26.819  INFO 6380 --- [restartedMain] o.a.c.c.C.[Tomcat].[localhost].[/]       : Initializing Spring embedded WebApplicationContext
2021-02-26 11:26:26.819  INFO 6380 --- [restartedMain] w.s.c.ServletWebServerApplicationContext : Root WebApplicationContext: initialization completed in 357 ms
2021-02-26 11:26:26.860  INFO 6380 --- [restartedMain] o.s.s.concurrent.ThreadPoolTaskExecutor  : Initializing ExecutorService 'applicationTaskExecutor'
2021-02-26 11:26:26.886  INFO 6380 --- [restartedMain] o.s.b.d.a.OptionalLiveReloadServer       : LiveReload server is running on port 35729
2021-02-26 11:26:26.894  INFO 6380 --- [restartedMain] o.s.b.w.embedded.tomcat.TomcatWebServer  : Tomcat started on port(s): 8888 (http) with context path ''
2021-02-26 11:26:26.897  INFO 6380 --- [restartedMain] c.w.s.SpringbootWebApplication           : Started SpringbootWebApplication in 0.464 seconds (JVM running for 2294.652)
2021-02-26 11:26:26.898  INFO 6380 --- [restartedMain] .ConditionEvaluationDeltaLoggingListener : Condition evaluation unchanged
2021-02-26 11:26:28.657  INFO 6380 --- [Thread-53] o.s.s.concurrent.ThreadPoolTaskExecutor  : Shutting down ExecutorService 'applicationTaskExecutor'
2021-02-26 11:26:28.757  INFO 6380 --- [restartedMain] c.w.s.SpringbootWebApplication           : Starting SpringbootWebApplication using Java 1.8.0_221 on DESKTOP-25LNI6I with PID 6380 (D:\IdeaWorkPlaces\DubboVue\dubbo-root\springboot-web\target\classes started by LY in D:\IdeaWorkPlaces\DubboVue\dubbo-root)
2021-02-26 11:26:28.758  INFO 6380 --- [restartedMain] c.w.s.SpringbootWebApplication           : The following profiles are active: dev
2021-02-26 11:26:28.897  INFO 6380 --- [restartedMain] o.s.b.w.embedded.tomcat.TomcatWebServer  : Tomcat initialized with port(s): 8888 (http)
2021-02-26 11:26:28.897  INFO 6380 --- [restartedMain] o.apache.catalina.core.StandardService   : Starting service [Tomcat]
2021-02-26 11:26:28.897  INFO 6380 --- [restartedMain] org.apache.catalina.core.StandardEngine  : Starting Servlet engine: [Apache Tomcat/9.0.43]
2021-02-26 11:26:28.908  INFO 6380 --- [restartedMain] o.a.c.c.C.[Tomcat].[localhost].[/]       : Initializing Spring embedded WebApplicationContext
2021-02-26 11:26:28.909  INFO 6380 --- [restartedMain] w.s.c.ServletWebServerApplicationContext : Root WebApplicationContext: initialization completed in 149 ms
2021-02-26 11:26:28.953  INFO 6380 --- [restartedMain] o.s.s.concurrent.ThreadPoolTaskExecutor  : Initializing ExecutorService 'applicationTaskExecutor'
2021-02-26 11:26:28.987  INFO 6380 --- [restartedMain] o.s.b.d.a.OptionalLiveReloadServer       : LiveReload server is running on port 35729
2021-02-26 11:26:28.999  INFO 6380 --- [restartedMain] o.s.b.w.embedded.tomcat.TomcatWebServer  : Tomcat started on port(s): 8888 (http) with context path ''
2021-02-26 11:26:29.002  INFO 6380 --- [restartedMain] c.w.s.SpringbootWebApplication           : Started SpringbootWebApplication in 0.266 seconds (JVM running for 2296.757)
2021-02-26 11:26:29.004  INFO 6380 --- [restartedMain] .ConditionEvaluationDeltaLoggingListener : Condition evaluation unchanged
2021-02-26 11:26:36.917  INFO 6380 --- [Thread-58] o.s.s.concurrent.ThreadPoolTaskExecutor  : Shutting down ExecutorService 'applicationTaskExecutor'
2021-02-26 11:26:36.980  INFO 6380 --- [restartedMain] c.w.s.SpringbootWebApplication           : Starting SpringbootWebApplication using Java 1.8.0_221 on DESKTOP-25LNI6I with PID 6380 (D:\IdeaWorkPlaces\DubboVue\dubbo-root\springboot-web\target\classes started by LY in D:\IdeaWorkPlaces\DubboVue\dubbo-root)
2021-02-26 11:26:36.980  INFO 6380 --- [restartedMain] c.w.s.SpringbootWebApplication           : The following profiles are active: dev
2021-02-26 11:26:37.107  INFO 6380 --- [restartedMain] o.s.b.w.embedded.tomcat.TomcatWebServer  : Tomcat initialized with port(s): 8888 (http)
2021-02-26 11:26:37.108  INFO 6380 --- [restartedMain] o.apache.catalina.core.StandardService   : Starting service [Tomcat]
2021-02-26 11:26:37.108  INFO 6380 --- [restartedMain] org.apache.catalina.core.StandardEngine  : Starting Servlet engine: [Apache Tomcat/9.0.43]
2021-02-26 11:26:37.117  INFO 6380 --- [restartedMain] o.a.c.c.C.[Tomcat].[localhost].[/]       : Initializing Spring embedded WebApplicationContext
2021-02-26 11:26:37.117  INFO 6380 --- [restartedMain] w.s.c.ServletWebServerApplicationContext : Root WebApplicationContext: initialization completed in 135 ms
2021-02-26 11:26:37.182  INFO 6380 --- [restartedMain] o.s.s.concurrent.ThreadPoolTaskExecutor  : Initializing ExecutorService 'applicationTaskExecutor'
2021-02-26 11:26:37.247  INFO 6380 --- [restartedMain] o.s.b.d.a.OptionalLiveReloadServer       : LiveReload server is running on port 35729
2021-02-26 11:26:37.257  INFO 6380 --- [restartedMain] o.s.b.w.embedded.tomcat.TomcatWebServer  : Tomcat started on port(s): 8888 (http) with context path ''
2021-02-26 11:26:37.263  INFO 6380 --- [restartedMain] c.w.s.SpringbootWebApplication           : Started SpringbootWebApplication in 0.302 seconds (JVM running for 2305.019)
2021-02-26 11:26:37.265  INFO 6380 --- [restartedMain] .ConditionEvaluationDeltaLoggingListener : Condition evaluation unchanged
2021-02-26 11:26:39.265  INFO 6380 --- [Thread-63] o.s.s.concurrent.ThreadPoolTaskExecutor  : Shutting down ExecutorService 'applicationTaskExecutor'
2021-02-26 11:26:39.347  INFO 6380 --- [restartedMain] c.w.s.SpringbootWebApplication           : Starting SpringbootWebApplication using Java 1.8.0_221 on DESKTOP-25LNI6I with PID 6380 (D:\IdeaWorkPlaces\DubboVue\dubbo-root\springboot-web\target\classes started by LY in D:\IdeaWorkPlaces\DubboVue\dubbo-root)
2021-02-26 11:26:39.347  INFO 6380 --- [restartedMain] c.w.s.SpringbootWebApplication           : The following profiles are active: dev
2021-02-26 11:26:39.497  INFO 6380 --- [restartedMain] o.s.b.w.embedded.tomcat.TomcatWebServer  : Tomcat initialized with port(s): 8888 (http)
2021-02-26 11:26:39.497  INFO 6380 --- [restartedMain] o.apache.catalina.core.StandardService   : Starting service [Tomcat]
2021-02-26 11:26:39.497  INFO 6380 --- [restartedMain] org.apache.catalina.core.StandardEngine  : Starting Servlet engine: [Apache Tomcat/9.0.43]
2021-02-26 11:26:39.506  INFO 6380 --- [restartedMain] o.a.c.c.C.[Tomcat].[localhost].[/]       : Initializing Spring embedded WebApplicationContext
2021-02-26 11:26:39.506  INFO 6380 --- [restartedMain] w.s.c.ServletWebServerApplicationContext : Root WebApplicationContext: initialization completed in 156 ms
2021-02-26 11:26:39.548  INFO 6380 --- [restartedMain] o.s.s.concurrent.ThreadPoolTaskExecutor  : Initializing ExecutorService 'applicationTaskExecutor'
2021-02-26 11:26:39.574  INFO 6380 --- [restartedMain] o.s.b.d.a.OptionalLiveReloadServer       : LiveReload server is running on port 35729
2021-02-26 11:26:39.583  INFO 6380 --- [restartedMain] o.s.b.w.embedded.tomcat.TomcatWebServer  : Tomcat started on port(s): 8888 (http) with context path ''
2021-02-26 11:26:39.586  INFO 6380 --- [restartedMain] c.w.s.SpringbootWebApplication           : Started SpringbootWebApplication in 0.26 seconds (JVM running for 2307.341)
2021-02-26 11:26:39.587  INFO 6380 --- [restartedMain] .ConditionEvaluationDeltaLoggingListener : Condition evaluation unchanged
2021-02-26 11:27:17.844  INFO 6380 --- [http-nio-8888-exec-1] o.a.c.c.C.[Tomcat].[localhost].[/]       : Initializing Spring DispatcherServlet 'dispatcherServlet'
2021-02-26 11:27:17.846  INFO 6380 --- [http-nio-8888-exec-1] o.s.web.servlet.DispatcherServlet        : Initializing Servlet 'dispatcherServlet'
2021-02-26 11:27:17.847  INFO 6380 --- [http-nio-8888-exec-1] o.s.web.servlet.DispatcherServlet        : Completed initialization in 1 ms
2021-02-26 11:27:17.861 ERROR 6380 --- [http-nio-8888-exec-1] c.w.s.Controller.UserController          : [Field error in object 'person' on field 'name': rejected value [null]; codes [NotEmpty.person.name,NotEmpty.name,NotEmpty.java.lang.String,NotEmpty]; arguments [org.springframework.context.support.DefaultMessageSourceResolvable: codes [person.name,name]; arguments []; default message [name]]; default message [name不能为空]]:[{}]
2021-02-26 11:27:20.750  INFO 6380 --- [Thread-68] o.s.s.concurrent.ThreadPoolTaskExecutor  : Shutting down ExecutorService 'applicationTaskExecutor'
2021-02-26 11:27:20.842  INFO 6380 --- [restartedMain] c.w.s.SpringbootWebApplication           : Starting SpringbootWebApplication using Java 1.8.0_221 on DESKTOP-25LNI6I with PID 6380 (D:\IdeaWorkPlaces\DubboVue\dubbo-root\springboot-web\target\classes started by LY in D:\IdeaWorkPlaces\DubboVue\dubbo-root)
2021-02-26 11:27:20.842  INFO 6380 --- [restartedMain] c.w.s.SpringbootWebApplication           : The following profiles are active: dev
2021-02-26 11:27:21.023  INFO 6380 --- [restartedMain] o.s.b.w.embedded.tomcat.TomcatWebServer  : Tomcat initialized with port(s): 8888 (http)
2021-02-26 11:27:21.025  INFO 6380 --- [restartedMain] o.apache.catalina.core.StandardService   : Starting service [Tomcat]
2021-02-26 11:27:21.026  INFO 6380 --- [restartedMain] org.apache.catalina.core.StandardEngine  : Starting Servlet engine: [Apache Tomcat/9.0.43]
2021-02-26 11:27:21.051  INFO 6380 --- [restartedMain] o.a.c.c.C.[Tomcat].[localhost].[/]       : Initializing Spring embedded WebApplicationContext
2021-02-26 11:27:21.052  INFO 6380 --- [restartedMain] w.s.c.ServletWebServerApplicationContext : Root WebApplicationContext: initialization completed in 208 ms
2021-02-26 11:27:21.096  INFO 6380 --- [restartedMain] o.s.s.concurrent.ThreadPoolTaskExecutor  : Initializing ExecutorService 'applicationTaskExecutor'
2021-02-26 11:27:21.127  INFO 6380 --- [restartedMain] o.s.b.d.a.OptionalLiveReloadServer       : LiveReload server is running on port 35729
2021-02-26 11:27:21.136  INFO 6380 --- [restartedMain] o.s.b.w.embedded.tomcat.TomcatWebServer  : Tomcat started on port(s): 8888 (http) with context path ''
2021-02-26 11:27:21.140  INFO 6380 --- [restartedMain] c.w.s.SpringbootWebApplication           : Started SpringbootWebApplication in 0.325 seconds (JVM running for 2348.895)
2021-02-26 11:27:21.143  INFO 6380 --- [restartedMain] .ConditionEvaluationDeltaLoggingListener : Condition evaluation unchanged
2021-02-26 11:27:22.903  INFO 6380 --- [Thread-73] o.s.s.concurrent.ThreadPoolTaskExecutor  : Shutting down ExecutorService 'applicationTaskExecutor'
2021-02-26 11:27:23.006  INFO 6380 --- [restartedMain] c.w.s.SpringbootWebApplication           : Starting SpringbootWebApplication using Java 1.8.0_221 on DESKTOP-25LNI6I with PID 6380 (D:\IdeaWorkPlaces\DubboVue\dubbo-root\springboot-web\target\classes started by LY in D:\IdeaWorkPlaces\DubboVue\dubbo-root)
2021-02-26 11:27:23.007  INFO 6380 --- [restartedMain] c.w.s.SpringbootWebApplication           : The following profiles are active: dev
2021-02-26 11:27:23.159  INFO 6380 --- [restartedMain] o.s.b.w.embedded.tomcat.TomcatWebServer  : Tomcat initialized with port(s): 8888 (http)
2021-02-26 11:27:23.160  INFO 6380 --- [restartedMain] o.apache.catalina.core.StandardService   : Starting service [Tomcat]
2021-02-26 11:27:23.160  INFO 6380 --- [restartedMain] org.apache.catalina.core.StandardEngine  : Starting Servlet engine: [Apache Tomcat/9.0.43]
2021-02-26 11:27:23.170  INFO 6380 --- [restartedMain] o.a.c.c.C.[Tomcat].[localhost].[/]       : Initializing Spring embedded WebApplicationContext
2021-02-26 11:27:23.170  INFO 6380 --- [restartedMain] w.s.c.ServletWebServerApplicationContext : Root WebApplicationContext: initialization completed in 162 ms
2021-02-26 11:27:23.210  INFO 6380 --- [restartedMain] o.s.s.concurrent.ThreadPoolTaskExecutor  : Initializing ExecutorService 'applicationTaskExecutor'
2021-02-26 11:27:23.238  INFO 6380 --- [restartedMain] o.s.b.d.a.OptionalLiveReloadServer       : LiveReload server is running on port 35729
2021-02-26 11:27:23.248  INFO 6380 --- [restartedMain] o.s.b.w.embedded.tomcat.TomcatWebServer  : Tomcat started on port(s): 8888 (http) with context path ''
2021-02-26 11:27:23.251  INFO 6380 --- [restartedMain] c.w.s.SpringbootWebApplication           : Started SpringbootWebApplication in 0.268 seconds (JVM running for 2351.006)
2021-02-26 11:27:23.252  INFO 6380 --- [restartedMain] .ConditionEvaluationDeltaLoggingListener : Condition evaluation unchanged
2021-02-26 11:28:43.537  INFO 6380 --- [http-nio-8888-exec-2] o.a.c.c.C.[Tomcat].[localhost].[/]       : Initializing Spring DispatcherServlet 'dispatcherServlet'
2021-02-26 11:28:43.538  INFO 6380 --- [http-nio-8888-exec-2] o.s.web.servlet.DispatcherServlet        : Initializing Servlet 'dispatcherServlet'
2021-02-26 11:28:43.539  INFO 6380 --- [http-nio-8888-exec-2] o.s.web.servlet.DispatcherServlet        : Completed initialization in 1 ms
2021-02-26 11:28:43.551 ERROR 6380 --- [http-nio-8888-exec-2] c.w.s.Controller.UserController          : [Field error in object 'person' on field 'name': rejected value [null]; codes [NotEmpty.person.name,NotEmpty.name,NotEmpty.java.lang.String,NotEmpty]; arguments [org.springframework.context.support.DefaultMessageSourceResolvable: codes [person.name,name]; arguments []; default message [name]]; default message [name不能为空]]:[name不能为空]
2021-02-26 11:30:01.371 ERROR 6380 --- [http-nio-8888-exec-5] c.w.s.Controller.UserController          : [Field error in object 'person' on field 'name': rejected value [null]; codes [NotEmpty.person.name,NotEmpty.name,NotEmpty.java.lang.String,NotEmpty]; arguments [org.springframework.context.support.DefaultMessageSourceResolvable: codes [person.name,name]; arguments []; default message [name]]; default message [name不能为空]]:[name不能为空]
2021-02-26 11:30:04.277  INFO 6380 --- [Thread-78] o.s.s.concurrent.ThreadPoolTaskExecutor  : Shutting down ExecutorService 'applicationTaskExecutor'
2021-02-26 11:30:04.395  INFO 6380 --- [restartedMain] c.w.s.SpringbootWebApplication           : Starting SpringbootWebApplication using Java 1.8.0_221 on DESKTOP-25LNI6I with PID 6380 (D:\IdeaWorkPlaces\DubboVue\dubbo-root\springboot-web\target\classes started by LY in D:\IdeaWorkPlaces\DubboVue\dubbo-root)
2021-02-26 11:30:04.395  INFO 6380 --- [restartedMain] c.w.s.SpringbootWebApplication           : The following profiles are active: dev
2021-02-26 11:30:04.547  INFO 6380 --- [restartedMain] o.s.b.w.embedded.tomcat.TomcatWebServer  : Tomcat initialized with port(s): 8888 (http)
2021-02-26 11:30:04.547  INFO 6380 --- [restartedMain] o.apache.catalina.core.StandardService   : Starting service [Tomcat]
2021-02-26 11:30:04.547  INFO 6380 --- [restartedMain] org.apache.catalina.core.StandardEngine  : Starting Servlet engine: [Apache Tomcat/9.0.43]
2021-02-26 11:30:04.556  INFO 6380 --- [restartedMain] o.a.c.c.C.[Tomcat].[localhost].[/]       : Initializing Spring embedded WebApplicationContext
2021-02-26 11:30:04.556  INFO 6380 --- [restartedMain] w.s.c.ServletWebServerApplicationContext : Root WebApplicationContext: initialization completed in 159 ms
2021-02-26 11:30:04.591  INFO 6380 --- [restartedMain] o.s.s.concurrent.ThreadPoolTaskExecutor  : Initializing ExecutorService 'applicationTaskExecutor'
2021-02-26 11:30:04.615  INFO 6380 --- [restartedMain] o.s.b.d.a.OptionalLiveReloadServer       : LiveReload server is running on port 35729
2021-02-26 11:30:04.623  INFO 6380 --- [restartedMain] o.s.b.w.embedded.tomcat.TomcatWebServer  : Tomcat started on port(s): 8888 (http) with context path ''
2021-02-26 11:30:04.626  INFO 6380 --- [restartedMain] c.w.s.SpringbootWebApplication           : Started SpringbootWebApplication in 0.254 seconds (JVM running for 2512.381)
2021-02-26 11:30:04.626  INFO 6380 --- [restartedMain] .ConditionEvaluationDeltaLoggingListener : Condition evaluation unchanged
2021-02-26 11:30:06.382  INFO 6380 --- [Thread-83] o.s.s.concurrent.ThreadPoolTaskExecutor  : Shutting down ExecutorService 'applicationTaskExecutor'
2021-02-26 11:30:06.465  INFO 6380 --- [restartedMain] c.w.s.SpringbootWebApplication           : Starting SpringbootWebApplication using Java 1.8.0_221 on DESKTOP-25LNI6I with PID 6380 (D:\IdeaWorkPlaces\DubboVue\dubbo-root\springboot-web\target\classes started by LY in D:\IdeaWorkPlaces\DubboVue\dubbo-root)
2021-02-26 11:30:06.466  INFO 6380 --- [restartedMain] c.w.s.SpringbootWebApplication           : The following profiles are active: dev
2021-02-26 11:30:06.585  INFO 6380 --- [restartedMain] o.s.b.w.embedded.tomcat.TomcatWebServer  : Tomcat initialized with port(s): 8888 (http)
2021-02-26 11:30:06.585  INFO 6380 --- [restartedMain] o.apache.catalina.core.StandardService   : Starting service [Tomcat]
2021-02-26 11:30:06.586  INFO 6380 --- [restartedMain] org.apache.catalina.core.StandardEngine  : Starting Servlet engine: [Apache Tomcat/9.0.43]
2021-02-26 11:30:06.594  INFO 6380 --- [restartedMain] o.a.c.c.C.[Tomcat].[localhost].[/]       : Initializing Spring embedded WebApplicationContext
2021-02-26 11:30:06.594  INFO 6380 --- [restartedMain] w.s.c.ServletWebServerApplicationContext : Root WebApplicationContext: initialization completed in 127 ms
2021-02-26 11:30:06.632  INFO 6380 --- [restartedMain] o.s.s.concurrent.ThreadPoolTaskExecutor  : Initializing ExecutorService 'applicationTaskExecutor'
2021-02-26 11:30:06.654  INFO 6380 --- [restartedMain] o.s.b.d.a.OptionalLiveReloadServer       : LiveReload server is running on port 35729
2021-02-26 11:30:06.664  INFO 6380 --- [restartedMain] o.s.b.w.embedded.tomcat.TomcatWebServer  : Tomcat started on port(s): 8888 (http) with context path ''
2021-02-26 11:30:06.667  INFO 6380 --- [restartedMain] c.w.s.SpringbootWebApplication           : Started SpringbootWebApplication in 0.221 seconds (JVM running for 2514.423)
2021-02-26 11:30:06.668  INFO 6380 --- [restartedMain] .ConditionEvaluationDeltaLoggingListener : Condition evaluation unchanged
2021-02-26 11:30:09.325  INFO 6380 --- [http-nio-8888-exec-2] o.a.c.c.C.[Tomcat].[localhost].[/]       : Initializing Spring DispatcherServlet 'dispatcherServlet'
2021-02-26 11:30:09.327  INFO 6380 --- [http-nio-8888-exec-2] o.s.web.servlet.DispatcherServlet        : Initializing Servlet 'dispatcherServlet'
2021-02-26 11:30:09.328  INFO 6380 --- [http-nio-8888-exec-2] o.s.web.servlet.DispatcherServlet        : Completed initialization in 1 ms
2021-02-26 11:30:09.343 ERROR 6380 --- [http-nio-8888-exec-2] c.w.s.Controller.UserController          : [name]:[name不能为空]
2021-02-26 11:30:25.571 ERROR 6380 --- [http-nio-8888-exec-4] c.w.s.Controller.UserController          : [age]:[age不能大于100小于0]
2021-02-26 11:32:27.141  INFO 6380 --- [Thread-88] o.s.s.concurrent.ThreadPoolTaskExecutor  : Shutting down ExecutorService 'applicationTaskExecutor'
2021-02-26 11:32:27.268  INFO 6380 --- [restartedMain] c.w.s.SpringbootWebApplication           : Starting SpringbootWebApplication using Java 1.8.0_221 on DESKTOP-25LNI6I with PID 6380 (D:\IdeaWorkPlaces\DubboVue\dubbo-root\springboot-web\target\classes started by LY in D:\IdeaWorkPlaces\DubboVue\dubbo-root)
2021-02-26 11:32:27.269  INFO 6380 --- [restartedMain] c.w.s.SpringbootWebApplication           : The following profiles are active: dev
2021-02-26 11:32:27.512  INFO 6380 --- [restartedMain] o.s.b.w.embedded.tomcat.TomcatWebServer  : Tomcat initialized with port(s): 8888 (http)
2021-02-26 11:32:27.513  INFO 6380 --- [restartedMain] o.apache.catalina.core.StandardService   : Starting service [Tomcat]
2021-02-26 11:32:27.513  INFO 6380 --- [restartedMain] org.apache.catalina.core.StandardEngine  : Starting Servlet engine: [Apache Tomcat/9.0.43]
2021-02-26 11:32:27.527  INFO 6380 --- [restartedMain] o.a.c.c.C.[Tomcat].[localhost].[/]       : Initializing Spring embedded WebApplicationContext
2021-02-26 11:32:27.528  INFO 6380 --- [restartedMain] w.s.c.ServletWebServerApplicationContext : Root WebApplicationContext: initialization completed in 252 ms
2021-02-26 11:32:27.582  INFO 6380 --- [restartedMain] o.s.s.concurrent.ThreadPoolTaskExecutor  : Initializing ExecutorService 'applicationTaskExecutor'
2021-02-26 11:32:27.624  INFO 6380 --- [restartedMain] o.s.b.d.a.OptionalLiveReloadServer       : LiveReload server is running on port 35729
2021-02-26 11:32:27.634  INFO 6380 --- [restartedMain] o.s.b.w.embedded.tomcat.TomcatWebServer  : Tomcat started on port(s): 8888 (http) with context path ''
2021-02-26 11:32:27.639  INFO 6380 --- [restartedMain] c.w.s.SpringbootWebApplication           : Started SpringbootWebApplication in 0.407 seconds (JVM running for 2655.394)
2021-02-26 11:32:27.640  INFO 6380 --- [restartedMain] .ConditionEvaluationDeltaLoggingListener : Condition evaluation unchanged
2021-02-26 11:32:29.418  INFO 6380 --- [Thread-93] o.s.s.concurrent.ThreadPoolTaskExecutor  : Shutting down ExecutorService 'applicationTaskExecutor'
2021-02-26 11:32:29.548  INFO 6380 --- [restartedMain] c.w.s.SpringbootWebApplication           : Starting SpringbootWebApplication using Java 1.8.0_221 on DESKTOP-25LNI6I with PID 6380 (D:\IdeaWorkPlaces\DubboVue\dubbo-root\springboot-web\target\classes started by LY in D:\IdeaWorkPlaces\DubboVue\dubbo-root)
2021-02-26 11:32:29.548  INFO 6380 --- [restartedMain] c.w.s.SpringbootWebApplication           : The following profiles are active: dev
2021-02-26 11:32:29.687  INFO 6380 --- [restartedMain] o.s.b.w.embedded.tomcat.TomcatWebServer  : Tomcat initialized with port(s): 8888 (http)
2021-02-26 11:32:29.688  INFO 6380 --- [restartedMain] o.apache.catalina.core.StandardService   : Starting service [Tomcat]
2021-02-26 11:32:29.688  INFO 6380 --- [restartedMain] org.apache.catalina.core.StandardEngine  : Starting Servlet engine: [Apache Tomcat/9.0.43]
2021-02-26 11:32:29.698  INFO 6380 --- [restartedMain] o.a.c.c.C.[Tomcat].[localhost].[/]       : Initializing Spring embedded WebApplicationContext
2021-02-26 11:32:29.698  INFO 6380 --- [restartedMain] w.s.c.ServletWebServerApplicationContext : Root WebApplicationContext: initialization completed in 148 ms
2021-02-26 11:32:29.734  INFO 6380 --- [restartedMain] o.s.s.concurrent.ThreadPoolTaskExecutor  : Initializing ExecutorService 'applicationTaskExecutor'
2021-02-26 11:32:29.758  INFO 6380 --- [restartedMain] o.s.b.d.a.OptionalLiveReloadServer       : LiveReload server is running on port 35729
2021-02-26 11:32:29.764  INFO 6380 --- [restartedMain] o.s.b.w.embedded.tomcat.TomcatWebServer  : Tomcat started on port(s): 8888 (http) with context path ''
2021-02-26 11:32:29.768  INFO 6380 --- [restartedMain] c.w.s.SpringbootWebApplication           : Started SpringbootWebApplication in 0.243 seconds (JVM running for 2657.524)
2021-02-26 11:32:29.770  INFO 6380 --- [restartedMain] .ConditionEvaluationDeltaLoggingListener : Condition evaluation unchanged
2021-02-26 14:23:32.135  INFO 6380 --- [http-nio-8888-exec-2] o.a.c.c.C.[Tomcat].[localhost].[/]       : Initializing Spring DispatcherServlet 'dispatcherServlet'
2021-02-26 14:23:32.137  INFO 6380 --- [http-nio-8888-exec-2] o.s.web.servlet.DispatcherServlet        : Initializing Servlet 'dispatcherServlet'
2021-02-26 14:23:32.137  INFO 6380 --- [http-nio-8888-exec-2] o.s.web.servlet.DispatcherServlet        : Completed initialization in 0 ms
2021-02-26 14:23:32.170 ERROR 6380 --- [http-nio-8888-exec-2] c.w.s.Controller.UserController          : [age]:[age不能大于100小于0]
2021-02-26 14:24:47.785  INFO 6380 --- [Thread-98] o.s.s.concurrent.ThreadPoolTaskExecutor  : Shutting down ExecutorService 'applicationTaskExecutor'
2021-02-26 14:24:47.950  INFO 6380 --- [restartedMain] c.w.s.SpringbootWebApplication           : Starting SpringbootWebApplication using Java 1.8.0_221 on DESKTOP-25LNI6I with PID 6380 (D:\IdeaWorkPlaces\DubboVue\dubbo-root\springboot-web\target\classes started by LY in D:\IdeaWorkPlaces\DubboVue\dubbo-root)
2021-02-26 14:24:47.950  INFO 6380 --- [restartedMain] c.w.s.SpringbootWebApplication           : The following profiles are active: dev
2021-02-26 14:24:48.331  INFO 6380 --- [restartedMain] o.s.b.w.embedded.tomcat.TomcatWebServer  : Tomcat initialized with port(s): 8888 (http)
2021-02-26 14:24:48.332  INFO 6380 --- [restartedMain] o.apache.catalina.core.StandardService   : Starting service [Tomcat]
2021-02-26 14:24:48.332  INFO 6380 --- [restartedMain] org.apache.catalina.core.StandardEngine  : Starting Servlet engine: [Apache Tomcat/9.0.43]
2021-02-26 14:24:48.367  INFO 6380 --- [restartedMain] o.a.c.c.C.[Tomcat].[localhost].[/]       : Initializing Spring embedded WebApplicationContext
2021-02-26 14:24:48.367  INFO 6380 --- [restartedMain] w.s.c.ServletWebServerApplicationContext : Root WebApplicationContext: initialization completed in 413 ms
2021-02-26 14:24:48.432  INFO 6380 --- [restartedMain] o.s.s.concurrent.ThreadPoolTaskExecutor  : Initializing ExecutorService 'applicationTaskExecutor'
2021-02-26 14:24:48.483  INFO 6380 --- [restartedMain] o.s.b.d.a.OptionalLiveReloadServer       : LiveReload server is running on port 35729
2021-02-26 14:24:48.494  INFO 6380 --- [restartedMain] o.s.b.w.embedded.tomcat.TomcatWebServer  : Tomcat started on port(s): 8888 (http) with context path ''
2021-02-26 14:24:48.497  INFO 6380 --- [restartedMain] c.w.s.SpringbootWebApplication           : Started SpringbootWebApplication in 0.57 seconds (JVM running for 12996.252)
2021-02-26 14:24:48.498  INFO 6380 --- [restartedMain] .ConditionEvaluationDeltaLoggingListener : Condition evaluation unchanged
2021-02-26 14:24:50.255  INFO 6380 --- [Thread-103] o.s.s.concurrent.ThreadPoolTaskExecutor  : Shutting down ExecutorService 'applicationTaskExecutor'
2021-02-26 14:24:50.394  INFO 6380 --- [restartedMain] c.w.s.SpringbootWebApplication           : Starting SpringbootWebApplication using Java 1.8.0_221 on DESKTOP-25LNI6I with PID 6380 (D:\IdeaWorkPlaces\DubboVue\dubbo-root\springboot-web\target\classes started by LY in D:\IdeaWorkPlaces\DubboVue\dubbo-root)
2021-02-26 14:24:50.395  INFO 6380 --- [restartedMain] c.w.s.SpringbootWebApplication           : The following profiles are active: dev
2021-02-26 14:24:50.518  INFO 6380 --- [restartedMain] o.s.b.w.embedded.tomcat.TomcatWebServer  : Tomcat initialized with port(s): 8888 (http)
2021-02-26 14:24:50.518  INFO 6380 --- [restartedMain] o.apache.catalina.core.StandardService   : Starting service [Tomcat]
2021-02-26 14:24:50.518  INFO 6380 --- [restartedMain] org.apache.catalina.core.StandardEngine  : Starting Servlet engine: [Apache Tomcat/9.0.43]
2021-02-26 14:24:50.529  INFO 6380 --- [restartedMain] o.a.c.c.C.[Tomcat].[localhost].[/]       : Initializing Spring embedded WebApplicationContext
2021-02-26 14:24:50.529  INFO 6380 --- [restartedMain] w.s.c.ServletWebServerApplicationContext : Root WebApplicationContext: initialization completed in 133 ms
2021-02-26 14:24:50.562  INFO 6380 --- [restartedMain] o.s.s.concurrent.ThreadPoolTaskExecutor  : Initializing ExecutorService 'applicationTaskExecutor'
2021-02-26 14:24:50.581  INFO 6380 --- [restartedMain] o.s.b.d.a.OptionalLiveReloadServer       : LiveReload server is running on port 35729
2021-02-26 14:24:50.590  INFO 6380 --- [restartedMain] o.s.b.w.embedded.tomcat.TomcatWebServer  : Tomcat started on port(s): 8888 (http) with context path ''
2021-02-26 14:24:50.593  INFO 6380 --- [restartedMain] c.w.s.SpringbootWebApplication           : Started SpringbootWebApplication in 0.221 seconds (JVM running for 12998.348)
2021-02-26 14:24:50.593  INFO 6380 --- [restartedMain] .ConditionEvaluationDeltaLoggingListener : Condition evaluation unchanged
2021-02-26 14:29:36.134  INFO 6380 --- [Thread-108] o.s.s.concurrent.ThreadPoolTaskExecutor  : Shutting down ExecutorService 'applicationTaskExecutor'
2021-02-26 14:29:36.254  INFO 6380 --- [restartedMain] c.w.s.SpringbootWebApplication           : Starting SpringbootWebApplication using Java 1.8.0_221 on DESKTOP-25LNI6I with PID 6380 (D:\IdeaWorkPlaces\DubboVue\dubbo-root\springboot-web\target\classes started by LY in D:\IdeaWorkPlaces\DubboVue\dubbo-root)
2021-02-26 14:29:36.254  INFO 6380 --- [restartedMain] c.w.s.SpringbootWebApplication           : The following profiles are active: dev
2021-02-26 14:29:36.463  INFO 6380 --- [restartedMain] o.s.b.w.embedded.tomcat.TomcatWebServer  : Tomcat initialized with port(s): 8888 (http)
2021-02-26 14:29:36.463  INFO 6380 --- [restartedMain] o.apache.catalina.core.StandardService   : Starting service [Tomcat]
2021-02-26 14:29:36.463  INFO 6380 --- [restartedMain] org.apache.catalina.core.StandardEngine  : Starting Servlet engine: [Apache Tomcat/9.0.43]
2021-02-26 14:29:36.474  INFO 6380 --- [restartedMain] o.a.c.c.C.[Tomcat].[localhost].[/]       : Initializing Spring embedded WebApplicationContext
2021-02-26 14:29:36.474  INFO 6380 --- [restartedMain] w.s.c.ServletWebServerApplicationContext : Root WebApplicationContext: initialization completed in 218 ms
2021-02-26 14:29:36.701  INFO 6380 --- [restartedMain] o.s.s.concurrent.ThreadPoolTaskExecutor  : Initializing ExecutorService 'applicationTaskExecutor'
2021-02-26 14:29:36.808  INFO 6380 --- [restartedMain] o.s.b.d.a.OptionalLiveReloadServer       : LiveReload server is running on port 35729
2021-02-26 14:29:36.820  INFO 6380 --- [restartedMain] o.s.b.w.embedded.tomcat.TomcatWebServer  : Tomcat started on port(s): 8888 (http) with context path ''
2021-02-26 14:29:36.845  INFO 6380 --- [restartedMain] c.w.s.SpringbootWebApplication           : Started SpringbootWebApplication in 0.615 seconds (JVM running for 13284.6)
2021-02-26 14:29:36.846  INFO 6380 --- [restartedMain] .ConditionEvaluationDeltaLoggingListener : Condition evaluation unchanged
2021-02-26 14:29:40.802  INFO 6380 --- [Thread-113] o.s.s.concurrent.ThreadPoolTaskExecutor  : Shutting down ExecutorService 'applicationTaskExecutor'
2021-02-26 14:29:40.866  INFO 6380 --- [restartedMain] c.w.s.SpringbootWebApplication           : Starting SpringbootWebApplication using Java 1.8.0_221 on DESKTOP-25LNI6I with PID 6380 (D:\IdeaWorkPlaces\DubboVue\dubbo-root\springboot-web\target\classes started by LY in D:\IdeaWorkPlaces\DubboVue\dubbo-root)
2021-02-26 14:29:40.866  INFO 6380 --- [restartedMain] c.w.s.SpringbootWebApplication           : The following profiles are active: dev
2021-02-26 14:29:40.982  INFO 6380 --- [restartedMain] o.s.b.w.embedded.tomcat.TomcatWebServer  : Tomcat initialized with port(s): 8888 (http)
2021-02-26 14:29:40.983  INFO 6380 --- [restartedMain] o.apache.catalina.core.StandardService   : Starting service [Tomcat]
2021-02-26 14:29:40.983  INFO 6380 --- [restartedMain] org.apache.catalina.core.StandardEngine  : Starting Servlet engine: [Apache Tomcat/9.0.43]
2021-02-26 14:29:40.991  INFO 6380 --- [restartedMain] o.a.c.c.C.[Tomcat].[localhost].[/]       : Initializing Spring embedded WebApplicationContext
2021-02-26 14:29:40.991  INFO 6380 --- [restartedMain] w.s.c.ServletWebServerApplicationContext : Root WebApplicationContext: initialization completed in 124 ms
2021-02-26 14:29:41.023  INFO 6380 --- [restartedMain] o.s.s.concurrent.ThreadPoolTaskExecutor  : Initializing ExecutorService 'applicationTaskExecutor'
2021-02-26 14:29:41.067  INFO 6380 --- [restartedMain] o.s.b.d.a.OptionalLiveReloadServer       : LiveReload server is running on port 35729
2021-02-26 14:29:41.076  INFO 6380 --- [restartedMain] o.s.b.w.embedded.tomcat.TomcatWebServer  : Tomcat started on port(s): 8888 (http) with context path ''
2021-02-26 14:29:41.078  INFO 6380 --- [restartedMain] c.w.s.SpringbootWebApplication           : Started SpringbootWebApplication in 0.23 seconds (JVM running for 13288.833)
2021-02-26 14:29:41.079  INFO 6380 --- [restartedMain] .ConditionEvaluationDeltaLoggingListener : Condition evaluation unchanged
2021-02-26 14:29:51.104  INFO 6380 --- [Thread-118] o.s.s.concurrent.ThreadPoolTaskExecutor  : Shutting down ExecutorService 'applicationTaskExecutor'
2021-02-26 14:29:51.191  INFO 6380 --- [restartedMain] c.w.s.SpringbootWebApplication           : Starting SpringbootWebApplication using Java 1.8.0_221 on DESKTOP-25LNI6I with PID 6380 (D:\IdeaWorkPlaces\DubboVue\dubbo-root\springboot-web\target\classes started by LY in D:\IdeaWorkPlaces\DubboVue\dubbo-root)
2021-02-26 14:29:51.191  INFO 6380 --- [restartedMain] c.w.s.SpringbootWebApplication           : The following profiles are active: dev
2021-02-26 14:29:51.306  INFO 6380 --- [restartedMain] o.s.b.w.embedded.tomcat.TomcatWebServer  : Tomcat initialized with port(s): 8888 (http)
2021-02-26 14:29:51.306  INFO 6380 --- [restartedMain] o.apache.catalina.core.StandardService   : Starting service [Tomcat]
2021-02-26 14:29:51.307  INFO 6380 --- [restartedMain] org.apache.catalina.core.StandardEngine  : Starting Servlet engine: [Apache Tomcat/9.0.43]
2021-02-26 14:29:51.317  INFO 6380 --- [restartedMain] o.a.c.c.C.[Tomcat].[localhost].[/]       : Initializing Spring embedded WebApplicationContext
2021-02-26 14:29:51.317  INFO 6380 --- [restartedMain] w.s.c.ServletWebServerApplicationContext : Root WebApplicationContext: initialization completed in 124 ms
2021-02-26 14:29:51.348  INFO 6380 --- [restartedMain] o.s.s.concurrent.ThreadPoolTaskExecutor  : Initializing ExecutorService 'applicationTaskExecutor'
2021-02-26 14:29:51.366  INFO 6380 --- [restartedMain] o.s.b.d.a.OptionalLiveReloadServer       : LiveReload server is running on port 35729
2021-02-26 14:29:51.374  INFO 6380 --- [restartedMain] o.s.b.w.embedded.tomcat.TomcatWebServer  : Tomcat started on port(s): 8888 (http) with context path ''
2021-02-26 14:29:51.376  INFO 6380 --- [restartedMain] c.w.s.SpringbootWebApplication           : Started SpringbootWebApplication in 0.205 seconds (JVM running for 13299.131)
2021-02-26 14:29:51.377  INFO 6380 --- [restartedMain] .ConditionEvaluationDeltaLoggingListener : Condition evaluation unchanged
2021-02-26 14:31:22.060  INFO 6380 --- [Thread-123] o.s.s.concurrent.ThreadPoolTaskExecutor  : Shutting down ExecutorService 'applicationTaskExecutor'
2021-02-26 14:31:22.122  INFO 6380 --- [restartedMain] c.w.s.SpringbootWebApplication           : Starting SpringbootWebApplication using Java 1.8.0_221 on DESKTOP-25LNI6I with PID 6380 (D:\IdeaWorkPlaces\DubboVue\dubbo-root\springboot-web\target\classes started by LY in D:\IdeaWorkPlaces\DubboVue\dubbo-root)
2021-02-26 14:31:22.122  INFO 6380 --- [restartedMain] c.w.s.SpringbootWebApplication           : The following profiles are active: dev
2021-02-26 14:31:22.255  INFO 6380 --- [restartedMain] o.s.b.w.embedded.tomcat.TomcatWebServer  : Tomcat initialized with port(s): 8888 (http)
2021-02-26 14:31:22.255  INFO 6380 --- [restartedMain] o.apache.catalina.core.StandardService   : Starting service [Tomcat]
2021-02-26 14:31:22.256  INFO 6380 --- [restartedMain] org.apache.catalina.core.StandardEngine  : Starting Servlet engine: [Apache Tomcat/9.0.43]
2021-02-26 14:31:22.265  INFO 6380 --- [restartedMain] o.a.c.c.C.[Tomcat].[localhost].[/]       : Initializing Spring embedded WebApplicationContext
2021-02-26 14:31:22.265  INFO 6380 --- [restartedMain] w.s.c.ServletWebServerApplicationContext : Root WebApplicationContext: initialization completed in 140 ms
2021-02-26 14:31:22.299  INFO 6380 --- [restartedMain] o.s.s.concurrent.ThreadPoolTaskExecutor  : Initializing ExecutorService 'applicationTaskExecutor'
2021-02-26 14:31:22.319  INFO 6380 --- [restartedMain] o.s.b.d.a.OptionalLiveReloadServer       : LiveReload server is running on port 35729
2021-02-26 14:31:22.326  INFO 6380 --- [restartedMain] o.s.b.w.embedded.tomcat.TomcatWebServer  : Tomcat started on port(s): 8888 (http) with context path ''
2021-02-26 14:31:22.330  INFO 6380 --- [restartedMain] c.w.s.SpringbootWebApplication           : Started SpringbootWebApplication in 0.227 seconds (JVM running for 13390.086)
2021-02-26 14:31:22.331  INFO 6380 --- [restartedMain] .ConditionEvaluationDeltaLoggingListener : Condition evaluation unchanged
2021-02-26 14:32:24.779  INFO 6380 --- [Thread-128] o.s.s.concurrent.ThreadPoolTaskExecutor  : Shutting down ExecutorService 'applicationTaskExecutor'
2021-02-26 14:32:24.894  INFO 6380 --- [restartedMain] c.w.s.SpringbootWebApplication           : Starting SpringbootWebApplication using Java 1.8.0_221 on DESKTOP-25LNI6I with PID 6380 (D:\IdeaWorkPlaces\DubboVue\dubbo-root\springboot-web\target\classes started by LY in D:\IdeaWorkPlaces\DubboVue\dubbo-root)
2021-02-26 14:32:24.894  INFO 6380 --- [restartedMain] c.w.s.SpringbootWebApplication           : The following profiles are active: dev
2021-02-26 14:32:25.111  INFO 6380 --- [restartedMain] o.s.b.w.embedded.tomcat.TomcatWebServer  : Tomcat initialized with port(s): 8888 (http)
2021-02-26 14:32:25.112  INFO 6380 --- [restartedMain] o.apache.catalina.core.StandardService   : Starting service [Tomcat]
2021-02-26 14:32:25.113  INFO 6380 --- [restartedMain] org.apache.catalina.core.StandardEngine  : Starting Servlet engine: [Apache Tomcat/9.0.43]
2021-02-26 14:32:25.124  INFO 6380 --- [restartedMain] o.a.c.c.C.[Tomcat].[localhost].[/]       : Initializing Spring embedded WebApplicationContext
2021-02-26 14:32:25.125  INFO 6380 --- [restartedMain] w.s.c.ServletWebServerApplicationContext : Root WebApplicationContext: initialization completed in 229 ms
2021-02-26 14:32:25.221  INFO 6380 --- [restartedMain] o.s.s.concurrent.ThreadPoolTaskExecutor  : Initializing ExecutorService 'applicationTaskExecutor'
2021-02-26 14:32:25.246  INFO 6380 --- [restartedMain] o.s.b.d.a.OptionalLiveReloadServer       : LiveReload server is running on port 35729
2021-02-26 14:32:25.255  INFO 6380 --- [restartedMain] o.s.b.w.embedded.tomcat.TomcatWebServer  : Tomcat started on port(s): 8888 (http) with context path ''
2021-02-26 14:32:25.259  INFO 6380 --- [restartedMain] c.w.s.SpringbootWebApplication           : Started SpringbootWebApplication in 0.402 seconds (JVM running for 13453.014)
2021-02-26 14:32:25.260  INFO 6380 --- [restartedMain] .ConditionEvaluationDeltaLoggingListener : Condition evaluation unchanged
2021-02-26 14:32:26.993  INFO 6380 --- [Thread-133] o.s.s.concurrent.ThreadPoolTaskExecutor  : Shutting down ExecutorService 'applicationTaskExecutor'
2021-02-26 14:32:27.053  INFO 6380 --- [restartedMain] c.w.s.SpringbootWebApplication           : Starting SpringbootWebApplication using Java 1.8.0_221 on DESKTOP-25LNI6I with PID 6380 (D:\IdeaWorkPlaces\DubboVue\dubbo-root\springboot-web\target\classes started by LY in D:\IdeaWorkPlaces\DubboVue\dubbo-root)
2021-02-26 14:32:27.053  INFO 6380 --- [restartedMain] c.w.s.SpringbootWebApplication           : The following profiles are active: dev
2021-02-26 14:32:27.184  INFO 6380 --- [restartedMain] o.s.b.w.embedded.tomcat.TomcatWebServer  : Tomcat initialized with port(s): 8888 (http)
2021-02-26 14:32:27.185  INFO 6380 --- [restartedMain] o.apache.catalina.core.StandardService   : Starting service [Tomcat]
2021-02-26 14:32:27.185  INFO 6380 --- [restartedMain] org.apache.catalina.core.StandardEngine  : Starting Servlet engine: [Apache Tomcat/9.0.43]
2021-02-26 14:32:27.194  INFO 6380 --- [restartedMain] o.a.c.c.C.[Tomcat].[localhost].[/]       : Initializing Spring embedded WebApplicationContext
2021-02-26 14:32:27.194  INFO 6380 --- [restartedMain] w.s.c.ServletWebServerApplicationContext : Root WebApplicationContext: initialization completed in 139 ms
2021-02-26 14:32:27.229  INFO 6380 --- [restartedMain] o.s.s.concurrent.ThreadPoolTaskExecutor  : Initializing ExecutorService 'applicationTaskExecutor'
2021-02-26 14:32:27.249  INFO 6380 --- [restartedMain] o.s.b.d.a.OptionalLiveReloadServer       : LiveReload server is running on port 35729
2021-02-26 14:32:27.258  INFO 6380 --- [restartedMain] o.s.b.w.embedded.tomcat.TomcatWebServer  : Tomcat started on port(s): 8888 (http) with context path ''
2021-02-26 14:32:27.260  INFO 6380 --- [restartedMain] c.w.s.SpringbootWebApplication           : Started SpringbootWebApplication in 0.225 seconds (JVM running for 13455.015)
2021-02-26 14:32:27.261  INFO 6380 --- [restartedMain] .ConditionEvaluationDeltaLoggingListener : Condition evaluation unchanged
2021-02-26 14:58:31.820  INFO 6380 --- [http-nio-8888-exec-1] o.apache.tomcat.util.http.parser.Cookie  : A cookie header was received [1583484245,1583641617,1583784517; __utma=111872281.1286596493.1597193476.1597193476.1597193476.1] that contained an invalid cookie. That cookie will be ignored.
 Note: further occurrences of this error will be logged at DEBUG level.
2021-02-26 14:58:31.835  INFO 6380 --- [http-nio-8888-exec-1] o.a.c.c.C.[Tomcat].[localhost].[/]       : Initializing Spring DispatcherServlet 'dispatcherServlet'
2021-02-26 14:58:31.835  INFO 6380 --- [http-nio-8888-exec-1] o.s.web.servlet.DispatcherServlet        : Initializing Servlet 'dispatcherServlet'
2021-02-26 14:58:31.836  INFO 6380 --- [http-nio-8888-exec-1] o.s.web.servlet.DispatcherServlet        : Completed initialization in 1 ms
2021-02-26 14:58:40.971  INFO 6380 --- [http-nio-8888-exec-6] c.w.s.Controller.UserController          : 模拟数据！
2021-02-26 15:00:18.812 ERROR 6380 --- [http-nio-8888-exec-8] c.w.s.handle.GlobalExceptionHandle       : org.springframework.validation.BeanPropertyBindingResult: 1 errors
Field error in object 'person' on field 'name': rejected value [null]; codes [NotEmpty.person.name,NotEmpty.name,NotEmpty.java.lang.String,NotEmpty]; arguments [org.springframework.context.support.DefaultMessageSourceResolvable: codes [person.name,name]; arguments []; default message [name]]; default message [name不能为空]
2021-02-26 15:00:18.814  WARN 6380 --- [http-nio-8888-exec-8] .m.m.a.ExceptionHandlerExceptionResolver : Resolved [org.springframework.validation.BindException: org.springframework.validation.BeanPropertyBindingResult: 1 errors
Field error in object 'person' on field 'name': rejected value [null]; codes [NotEmpty.person.name,NotEmpty.name,NotEmpty.java.lang.String,NotEmpty]; arguments [org.springframework.context.support.DefaultMessageSourceResolvable: codes [person.name,name]; arguments []; default message [name]]; default message [name不能为空]]
2021-02-26 15:07:34.643  INFO 6380 --- [Thread-138] o.s.s.concurrent.ThreadPoolTaskExecutor  : Shutting down ExecutorService 'applicationTaskExecutor'
2021-02-26 15:07:35.048  INFO 6380 --- [restartedMain] c.w.s.SpringbootWebApplication           : Starting SpringbootWebApplication using Java 1.8.0_221 on DESKTOP-25LNI6I with PID 6380 (D:\IdeaWorkPlaces\DubboVue\dubbo-root\springboot-web\target\classes started by LY in D:\IdeaWorkPlaces\DubboVue\dubbo-root)
2021-02-26 15:07:35.049  INFO 6380 --- [restartedMain] c.w.s.SpringbootWebApplication           : The following profiles are active: dev
2021-02-26 15:07:35.925  INFO 6380 --- [restartedMain] o.s.b.w.embedded.tomcat.TomcatWebServer  : Tomcat initialized with port(s): 8888 (http)
2021-02-26 15:07:35.927  INFO 6380 --- [restartedMain] o.apache.catalina.core.StandardService   : Starting service [Tomcat]
2021-02-26 15:07:35.927  INFO 6380 --- [restartedMain] org.apache.catalina.core.StandardEngine  : Starting Servlet engine: [Apache Tomcat/9.0.43]
2021-02-26 15:07:36.136  INFO 6380 --- [restartedMain] o.a.c.c.C.[Tomcat].[localhost].[/]       : Initializing Spring embedded WebApplicationContext
2021-02-26 15:07:36.136  INFO 6380 --- [restartedMain] w.s.c.ServletWebServerApplicationContext : Root WebApplicationContext: initialization completed in 1084 ms
2021-02-26 15:07:36.445  INFO 6380 --- [restartedMain] o.s.s.concurrent.ThreadPoolTaskExecutor  : Initializing ExecutorService 'applicationTaskExecutor'
2021-02-26 15:07:36.478  INFO 6380 --- [restartedMain] o.s.b.d.a.OptionalLiveReloadServer       : LiveReload server is running on port 35729
2021-02-26 15:07:36.599  INFO 6380 --- [restartedMain] o.s.b.w.embedded.tomcat.TomcatWebServer  : Tomcat started on port(s): 8888 (http) with context path ''
2021-02-26 15:07:36.603  INFO 6380 --- [restartedMain] c.w.s.SpringbootWebApplication           : Started SpringbootWebApplication in 1.638 seconds (JVM running for 15564.358)
2021-02-26 15:07:36.607  INFO 6380 --- [restartedMain] .ConditionEvaluationDeltaLoggingListener : Condition evaluation unchanged
2021-02-26 15:09:10.393  INFO 6380 --- [http-nio-8888-exec-2] o.a.c.c.C.[Tomcat].[localhost].[/]       : Initializing Spring DispatcherServlet 'dispatcherServlet'
2021-02-26 15:09:10.394  INFO 6380 --- [http-nio-8888-exec-2] o.s.web.servlet.DispatcherServlet        : Initializing Servlet 'dispatcherServlet'
2021-02-26 15:09:10.394  INFO 6380 --- [http-nio-8888-exec-2] o.s.web.servlet.DispatcherServlet        : Completed initialization in 0 ms
2021-02-26 15:09:10.526  WARN 6380 --- [http-nio-8888-exec-2] .w.s.m.s.DefaultHandlerExceptionResolver : Resolved [org.springframework.validation.BindException: org.springframework.validation.BeanPropertyBindingResult: 1 errors
Field error in object 'person' on field 'name': rejected value [null]; codes [NotEmpty.person.name,NotEmpty.name,NotEmpty.java.lang.String,NotEmpty]; arguments [org.springframework.context.support.DefaultMessageSourceResolvable: codes [person.name,name]; arguments []; default message [name]]; default message [name不能为空]]
2021-02-26 15:09:11.462  INFO 6380 --- [Thread-143] o.s.s.concurrent.ThreadPoolTaskExecutor  : Shutting down ExecutorService 'applicationTaskExecutor'
2021-02-26 15:09:11.602  INFO 6380 --- [restartedMain] c.w.s.SpringbootWebApplication           : Starting SpringbootWebApplication using Java 1.8.0_221 on DESKTOP-25LNI6I with PID 6380 (D:\IdeaWorkPlaces\DubboVue\dubbo-root\springboot-web\target\classes started by LY in D:\IdeaWorkPlaces\DubboVue\dubbo-root)
2021-02-26 15:09:11.602  INFO 6380 --- [restartedMain] c.w.s.SpringbootWebApplication           : The following profiles are active: dev
2021-02-26 15:09:11.805  INFO 6380 --- [restartedMain] o.s.b.w.embedded.tomcat.TomcatWebServer  : Tomcat initialized with port(s): 8888 (http)
2021-02-26 15:09:11.807  INFO 6380 --- [restartedMain] o.apache.catalina.core.StandardService   : Starting service [Tomcat]
2021-02-26 15:09:11.807  INFO 6380 --- [restartedMain] org.apache.catalina.core.StandardEngine  : Starting Servlet engine: [Apache Tomcat/9.0.43]
2021-02-26 15:09:11.817  INFO 6380 --- [restartedMain] o.a.c.c.C.[Tomcat].[localhost].[/]       : Initializing Spring embedded WebApplicationContext
2021-02-26 15:09:11.817  INFO 6380 --- [restartedMain] w.s.c.ServletWebServerApplicationContext : Root WebApplicationContext: initialization completed in 211 ms
2021-02-26 15:09:11.850  INFO 6380 --- [restartedMain] o.s.s.concurrent.ThreadPoolTaskExecutor  : Initializing ExecutorService 'applicationTaskExecutor'
2021-02-26 15:09:11.869  INFO 6380 --- [restartedMain] o.s.b.d.a.OptionalLiveReloadServer       : LiveReload server is running on port 35729
2021-02-26 15:09:11.877  INFO 6380 --- [restartedMain] o.s.b.w.embedded.tomcat.TomcatWebServer  : Tomcat started on port(s): 8888 (http) with context path ''
2021-02-26 15:09:11.880  INFO 6380 --- [restartedMain] c.w.s.SpringbootWebApplication           : Started SpringbootWebApplication in 0.302 seconds (JVM running for 15659.635)
2021-02-26 15:09:11.881  INFO 6380 --- [restartedMain] .ConditionEvaluationDeltaLoggingListener : Condition evaluation unchanged
2021-02-26 15:09:17.627  INFO 6380 --- [http-nio-8888-exec-2] o.a.c.c.C.[Tomcat].[localhost].[/]       : Initializing Spring DispatcherServlet 'dispatcherServlet'
2021-02-26 15:09:17.629  INFO 6380 --- [http-nio-8888-exec-2] o.s.web.servlet.DispatcherServlet        : Initializing Servlet 'dispatcherServlet'
2021-02-26 15:09:17.630  INFO 6380 --- [http-nio-8888-exec-2] o.s.web.servlet.DispatcherServlet        : Completed initialization in 1 ms
2021-02-26 15:09:17.646  INFO 6380 --- [http-nio-8888-exec-2] c.w.s.Controller.UserController          : 模拟数据！
2021-02-26 15:09:21.041  INFO 6380 --- [http-nio-8888-exec-3] c.w.s.Controller.UserController          : 模拟数据！
2021-02-26 15:09:27.044  INFO 6380 --- [http-nio-8888-exec-4] c.w.s.Controller.UserController          : 模拟数据！
2021-02-26 15:09:30.080  INFO 6380 --- [http-nio-8888-exec-5] c.w.s.Controller.UserController          : 模拟数据！
2021-02-26 15:09:32.293  WARN 6380 --- [http-nio-8888-exec-6] .m.m.a.ExceptionHandlerExceptionResolver : Resolved [org.springframework.validation.BindException: org.springframework.validation.BeanPropertyBindingResult: 1 errors
Field error in object 'person' on field 'age': rejected value [2000]; codes [Range.person.age,Range.age,Range.int,Range]; arguments [org.springframework.context.support.DefaultMessageSourceResolvable: codes [person.age,age]; arguments []; default message [age],100,0]; default message [age不能大于100小于0]]
2021-02-26 15:09:35.263  WARN 6380 --- [http-nio-8888-exec-7] .m.m.a.ExceptionHandlerExceptionResolver : Resolved [org.springframework.validation.BindException: org.springframework.validation.BeanPropertyBindingResult: 2 errors
Field error in object 'person' on field 'age': rejected value [2000]; codes [Range.person.age,Range.age,Range.int,Range]; arguments [org.springframework.context.support.DefaultMessageSourceResolvable: codes [person.age,age]; arguments []; default message [age],100,0]; default message [age不能大于100小于0]
Field error in object 'person' on field 'name': rejected value [null]; codes [NotEmpty.person.name,NotEmpty.name,NotEmpty.java.lang.String,NotEmpty]; arguments [org.springframework.context.support.DefaultMessageSourceResolvable: codes [person.name,name]; arguments []; default message [name]]; default message [name不能为空]]
2021-02-26 15:10:29.293  INFO 6380 --- [Thread-148] o.s.s.concurrent.ThreadPoolTaskExecutor  : Shutting down ExecutorService 'applicationTaskExecutor'
2021-02-26 15:10:29.452  INFO 6380 --- [restartedMain] c.w.s.SpringbootWebApplication           : Starting SpringbootWebApplication using Java 1.8.0_221 on DESKTOP-25LNI6I with PID 6380 (D:\IdeaWorkPlaces\DubboVue\dubbo-root\springboot-web\target\classes started by LY in D:\IdeaWorkPlaces\DubboVue\dubbo-root)
2021-02-26 15:10:29.452  INFO 6380 --- [restartedMain] c.w.s.SpringbootWebApplication           : The following profiles are active: dev
2021-02-26 15:10:29.645  INFO 6380 --- [restartedMain] o.s.b.w.embedded.tomcat.TomcatWebServer  : Tomcat initialized with port(s): 8888 (http)
2021-02-26 15:10:29.645  INFO 6380 --- [restartedMain] o.apache.catalina.core.StandardService   : Starting service [Tomcat]
2021-02-26 15:10:29.645  INFO 6380 --- [restartedMain] org.apache.catalina.core.StandardEngine  : Starting Servlet engine: [Apache Tomcat/9.0.43]
2021-02-26 15:10:29.697  INFO 6380 --- [restartedMain] o.a.c.c.C.[Tomcat].[localhost].[/]       : Initializing Spring embedded WebApplicationContext
2021-02-26 15:10:29.697  INFO 6380 --- [restartedMain] w.s.c.ServletWebServerApplicationContext : Root WebApplicationContext: initialization completed in 243 ms
2021-02-26 15:10:29.732  INFO 6380 --- [restartedMain] o.s.s.concurrent.ThreadPoolTaskExecutor  : Initializing ExecutorService 'applicationTaskExecutor'
2021-02-26 15:10:29.755  INFO 6380 --- [restartedMain] o.s.b.d.a.OptionalLiveReloadServer       : LiveReload server is running on port 35729
2021-02-26 15:10:29.764  INFO 6380 --- [restartedMain] o.s.b.w.embedded.tomcat.TomcatWebServer  : Tomcat started on port(s): 8888 (http) with context path ''
2021-02-26 15:10:29.767  INFO 6380 --- [restartedMain] c.w.s.SpringbootWebApplication           : Started SpringbootWebApplication in 0.334 seconds (JVM running for 15737.523)
2021-02-26 15:10:29.769  INFO 6380 --- [restartedMain] .ConditionEvaluationDeltaLoggingListener : Condition evaluation unchanged
2021-02-26 15:10:31.520  INFO 6380 --- [Thread-153] o.s.s.concurrent.ThreadPoolTaskExecutor  : Shutting down ExecutorService 'applicationTaskExecutor'
2021-02-26 15:10:31.603  INFO 6380 --- [restartedMain] c.w.s.SpringbootWebApplication           : Starting SpringbootWebApplication using Java 1.8.0_221 on DESKTOP-25LNI6I with PID 6380 (D:\IdeaWorkPlaces\DubboVue\dubbo-root\springboot-web\target\classes started by LY in D:\IdeaWorkPlaces\DubboVue\dubbo-root)
2021-02-26 15:10:31.603  INFO 6380 --- [restartedMain] c.w.s.SpringbootWebApplication           : The following profiles are active: dev
2021-02-26 15:10:31.741  INFO 6380 --- [restartedMain] o.s.b.w.embedded.tomcat.TomcatWebServer  : Tomcat initialized with port(s): 8888 (http)
2021-02-26 15:10:31.742  INFO 6380 --- [restartedMain] o.apache.catalina.core.StandardService   : Starting service [Tomcat]
2021-02-26 15:10:31.742  INFO 6380 --- [restartedMain] org.apache.catalina.core.StandardEngine  : Starting Servlet engine: [Apache Tomcat/9.0.43]
2021-02-26 15:10:31.752  INFO 6380 --- [restartedMain] o.a.c.c.C.[Tomcat].[localhost].[/]       : Initializing Spring embedded WebApplicationContext
2021-02-26 15:10:31.752  INFO 6380 --- [restartedMain] w.s.c.ServletWebServerApplicationContext : Root WebApplicationContext: initialization completed in 147 ms
2021-02-26 15:10:31.790  INFO 6380 --- [restartedMain] o.s.s.concurrent.ThreadPoolTaskExecutor  : Initializing ExecutorService 'applicationTaskExecutor'
2021-02-26 15:10:31.810  INFO 6380 --- [restartedMain] o.s.b.d.a.OptionalLiveReloadServer       : LiveReload server is running on port 35729
2021-02-26 15:10:31.818  INFO 6380 --- [restartedMain] o.s.b.w.embedded.tomcat.TomcatWebServer  : Tomcat started on port(s): 8888 (http) with context path ''
2021-02-26 15:10:31.821  INFO 6380 --- [restartedMain] c.w.s.SpringbootWebApplication           : Started SpringbootWebApplication in 0.237 seconds (JVM running for 15739.576)
2021-02-26 15:10:31.822  INFO 6380 --- [restartedMain] .ConditionEvaluationDeltaLoggingListener : Condition evaluation unchanged
2021-02-26 15:11:03.447  INFO 6380 --- [Thread-158] o.s.s.concurrent.ThreadPoolTaskExecutor  : Shutting down ExecutorService 'applicationTaskExecutor'
2021-02-26 15:11:03.562  INFO 6380 --- [restartedMain] c.w.s.SpringbootWebApplication           : Starting SpringbootWebApplication using Java 1.8.0_221 on DESKTOP-25LNI6I with PID 6380 (D:\IdeaWorkPlaces\DubboVue\dubbo-root\springboot-web\target\classes started by LY in D:\IdeaWorkPlaces\DubboVue\dubbo-root)
2021-02-26 15:11:03.563  INFO 6380 --- [restartedMain] c.w.s.SpringbootWebApplication           : The following profiles are active: dev
2021-02-26 15:11:03.820  INFO 6380 --- [restartedMain] o.s.b.w.embedded.tomcat.TomcatWebServer  : Tomcat initialized with port(s): 8888 (http)
2021-02-26 15:11:03.821  INFO 6380 --- [restartedMain] o.apache.catalina.core.StandardService   : Starting service [Tomcat]
2021-02-26 15:11:03.821  INFO 6380 --- [restartedMain] org.apache.catalina.core.StandardEngine  : Starting Servlet engine: [Apache Tomcat/9.0.43]
2021-02-26 15:11:03.836  INFO 6380 --- [restartedMain] o.a.c.c.C.[Tomcat].[localhost].[/]       : Initializing Spring embedded WebApplicationContext
2021-02-26 15:11:03.836  INFO 6380 --- [restartedMain] w.s.c.ServletWebServerApplicationContext : Root WebApplicationContext: initialization completed in 268 ms
2021-02-26 15:11:03.894  INFO 6380 --- [restartedMain] o.s.s.concurrent.ThreadPoolTaskExecutor  : Initializing ExecutorService 'applicationTaskExecutor'
2021-02-26 15:11:03.930  INFO 6380 --- [restartedMain] o.s.b.d.a.OptionalLiveReloadServer       : LiveReload server is running on port 35729
2021-02-26 15:11:03.946  INFO 6380 --- [restartedMain] o.s.b.w.embedded.tomcat.TomcatWebServer  : Tomcat started on port(s): 8888 (http) with context path ''
2021-02-26 15:11:03.956  INFO 6380 --- [restartedMain] c.w.s.SpringbootWebApplication           : Started SpringbootWebApplication in 0.415 seconds (JVM running for 15771.711)
2021-02-26 15:11:03.961  INFO 6380 --- [restartedMain] .ConditionEvaluationDeltaLoggingListener : Condition evaluation unchanged
2021-02-26 15:11:05.819  INFO 6380 --- [Thread-163] o.s.s.concurrent.ThreadPoolTaskExecutor  : Shutting down ExecutorService 'applicationTaskExecutor'
2021-02-26 15:11:05.904  INFO 6380 --- [restartedMain] c.w.s.SpringbootWebApplication           : Starting SpringbootWebApplication using Java 1.8.0_221 on DESKTOP-25LNI6I with PID 6380 (D:\IdeaWorkPlaces\DubboVue\dubbo-root\springboot-web\target\classes started by LY in D:\IdeaWorkPlaces\DubboVue\dubbo-root)
2021-02-26 15:11:05.904  INFO 6380 --- [restartedMain] c.w.s.SpringbootWebApplication           : The following profiles are active: dev
2021-02-26 15:11:06.041  INFO 6380 --- [restartedMain] o.s.b.w.embedded.tomcat.TomcatWebServer  : Tomcat initialized with port(s): 8888 (http)
2021-02-26 15:11:06.042  INFO 6380 --- [restartedMain] o.apache.catalina.core.StandardService   : Starting service [Tomcat]
2021-02-26 15:11:06.042  INFO 6380 --- [restartedMain] org.apache.catalina.core.StandardEngine  : Starting Servlet engine: [Apache Tomcat/9.0.43]
2021-02-26 15:11:06.052  INFO 6380 --- [restartedMain] o.a.c.c.C.[Tomcat].[localhost].[/]       : Initializing Spring embedded WebApplicationContext
2021-02-26 15:11:06.052  INFO 6380 --- [restartedMain] w.s.c.ServletWebServerApplicationContext : Root WebApplicationContext: initialization completed in 146 ms
2021-02-26 15:11:06.092  INFO 6380 --- [restartedMain] o.s.s.concurrent.ThreadPoolTaskExecutor  : Initializing ExecutorService 'applicationTaskExecutor'
2021-02-26 15:11:06.118  INFO 6380 --- [restartedMain] o.s.b.d.a.OptionalLiveReloadServer       : LiveReload server is running on port 35729
2021-02-26 15:11:06.126  INFO 6380 --- [restartedMain] o.s.b.w.embedded.tomcat.TomcatWebServer  : Tomcat started on port(s): 8888 (http) with context path ''
2021-02-26 15:11:06.128  INFO 6380 --- [restartedMain] c.w.s.SpringbootWebApplication           : Started SpringbootWebApplication in 0.247 seconds (JVM running for 15773.883)
2021-02-26 15:11:06.129  INFO 6380 --- [restartedMain] .ConditionEvaluationDeltaLoggingListener : Condition evaluation unchanged
2021-02-26 15:12:39.704  INFO 6380 --- [Thread-168] o.s.s.concurrent.ThreadPoolTaskExecutor  : Shutting down ExecutorService 'applicationTaskExecutor'
2021-02-26 15:12:40.003  INFO 6380 --- [restartedMain] c.w.s.SpringbootWebApplication           : Starting SpringbootWebApplication using Java 1.8.0_221 on DESKTOP-25LNI6I with PID 6380 (D:\IdeaWorkPlaces\DubboVue\dubbo-root\springboot-web\target\classes started by LY in D:\IdeaWorkPlaces\DubboVue\dubbo-root)
2021-02-26 15:12:40.003  INFO 6380 --- [restartedMain] c.w.s.SpringbootWebApplication           : The following profiles are active: dev
2021-02-26 15:12:40.471  INFO 6380 --- [restartedMain] o.s.b.w.embedded.tomcat.TomcatWebServer  : Tomcat initialized with port(s): 8888 (http)
2021-02-26 15:12:40.474  INFO 6380 --- [restartedMain] o.apache.catalina.core.StandardService   : Starting service [Tomcat]
2021-02-26 15:12:40.474  INFO 6380 --- [restartedMain] org.apache.catalina.core.StandardEngine  : Starting Servlet engine: [Apache Tomcat/9.0.43]
2021-02-26 15:12:40.494  INFO 6380 --- [restartedMain] o.a.c.c.C.[Tomcat].[localhost].[/]       : Initializing Spring embedded WebApplicationContext
2021-02-26 15:12:40.494  INFO 6380 --- [restartedMain] w.s.c.ServletWebServerApplicationContext : Root WebApplicationContext: initialization completed in 479 ms
2021-02-26 15:12:40.590  INFO 6380 --- [restartedMain] o.s.s.concurrent.ThreadPoolTaskExecutor  : Initializing ExecutorService 'applicationTaskExecutor'
2021-02-26 15:12:40.682  INFO 6380 --- [restartedMain] o.s.b.d.a.OptionalLiveReloadServer       : LiveReload server is running on port 35729
2021-02-26 15:12:40.702  INFO 6380 --- [restartedMain] o.s.b.w.embedded.tomcat.TomcatWebServer  : Tomcat started on port(s): 8888 (http) with context path ''
2021-02-26 15:12:40.707  INFO 6380 --- [restartedMain] c.w.s.SpringbootWebApplication           : Started SpringbootWebApplication in 0.756 seconds (JVM running for 15868.462)
2021-02-26 15:12:40.709  INFO 6380 --- [restartedMain] .ConditionEvaluationDeltaLoggingListener : Condition evaluation unchanged
2021-02-26 15:12:42.465  INFO 6380 --- [Thread-173] o.s.s.concurrent.ThreadPoolTaskExecutor  : Shutting down ExecutorService 'applicationTaskExecutor'
2021-02-26 15:12:42.535  INFO 6380 --- [restartedMain] c.w.s.SpringbootWebApplication           : Starting SpringbootWebApplication using Java 1.8.0_221 on DESKTOP-25LNI6I with PID 6380 (D:\IdeaWorkPlaces\DubboVue\dubbo-root\springboot-web\target\classes started by LY in D:\IdeaWorkPlaces\DubboVue\dubbo-root)
2021-02-26 15:12:42.535  INFO 6380 --- [restartedMain] c.w.s.SpringbootWebApplication           : The following profiles are active: dev
2021-02-26 15:12:42.654  INFO 6380 --- [restartedMain] o.s.b.w.embedded.tomcat.TomcatWebServer  : Tomcat initialized with port(s): 8888 (http)
2021-02-26 15:12:42.654  INFO 6380 --- [restartedMain] o.apache.catalina.core.StandardService   : Starting service [Tomcat]
2021-02-26 15:12:42.654  INFO 6380 --- [restartedMain] org.apache.catalina.core.StandardEngine  : Starting Servlet engine: [Apache Tomcat/9.0.43]
2021-02-26 15:12:42.663  INFO 6380 --- [restartedMain] o.a.c.c.C.[Tomcat].[localhost].[/]       : Initializing Spring embedded WebApplicationContext
2021-02-26 15:12:42.663  INFO 6380 --- [restartedMain] w.s.c.ServletWebServerApplicationContext : Root WebApplicationContext: initialization completed in 127 ms
2021-02-26 15:12:42.694  INFO 6380 --- [restartedMain] o.s.s.concurrent.ThreadPoolTaskExecutor  : Initializing ExecutorService 'applicationTaskExecutor'
2021-02-26 15:12:42.714  INFO 6380 --- [restartedMain] o.s.b.d.a.OptionalLiveReloadServer       : LiveReload server is running on port 35729
2021-02-26 15:12:42.723  INFO 6380 --- [restartedMain] o.s.b.w.embedded.tomcat.TomcatWebServer  : Tomcat started on port(s): 8888 (http) with context path ''
2021-02-26 15:12:42.725  INFO 6380 --- [restartedMain] c.w.s.SpringbootWebApplication           : Started SpringbootWebApplication in 0.208 seconds (JVM running for 15870.481)
2021-02-26 15:12:42.726  INFO 6380 --- [restartedMain] .ConditionEvaluationDeltaLoggingListener : Condition evaluation unchanged
2021-02-26 15:13:51.198  INFO 6380 --- [Thread-178] o.s.s.concurrent.ThreadPoolTaskExecutor  : Shutting down ExecutorService 'applicationTaskExecutor'
2021-02-26 15:13:51.289  INFO 6380 --- [restartedMain] c.w.s.SpringbootWebApplication           : Starting SpringbootWebApplication using Java 1.8.0_221 on DESKTOP-25LNI6I with PID 6380 (D:\IdeaWorkPlaces\DubboVue\dubbo-root\springboot-web\target\classes started by LY in D:\IdeaWorkPlaces\DubboVue\dubbo-root)
2021-02-26 15:13:51.289  INFO 6380 --- [restartedMain] c.w.s.SpringbootWebApplication           : The following profiles are active: dev
2021-02-26 15:13:51.447  INFO 6380 --- [restartedMain] o.s.b.w.embedded.tomcat.TomcatWebServer  : Tomcat initialized with port(s): 8888 (http)
2021-02-26 15:13:51.447  INFO 6380 --- [restartedMain] o.apache.catalina.core.StandardService   : Starting service [Tomcat]
2021-02-26 15:13:51.447  INFO 6380 --- [restartedMain] org.apache.catalina.core.StandardEngine  : Starting Servlet engine: [Apache Tomcat/9.0.43]
2021-02-26 15:13:51.458  INFO 6380 --- [restartedMain] o.a.c.c.C.[Tomcat].[localhost].[/]       : Initializing Spring embedded WebApplicationContext
2021-02-26 15:13:51.460  INFO 6380 --- [restartedMain] w.s.c.ServletWebServerApplicationContext : Root WebApplicationContext: initialization completed in 169 ms
2021-02-26 15:13:51.507  INFO 6380 --- [restartedMain] o.s.s.concurrent.ThreadPoolTaskExecutor  : Initializing ExecutorService 'applicationTaskExecutor'
2021-02-26 15:13:51.542  INFO 6380 --- [restartedMain] o.s.b.d.a.OptionalLiveReloadServer       : LiveReload server is running on port 35729
2021-02-26 15:13:51.554  INFO 6380 --- [restartedMain] o.s.b.w.embedded.tomcat.TomcatWebServer  : Tomcat started on port(s): 8888 (http) with context path ''
2021-02-26 15:13:51.557  INFO 6380 --- [restartedMain] c.w.s.SpringbootWebApplication           : Started SpringbootWebApplication in 0.288 seconds (JVM running for 15939.312)
2021-02-26 15:13:51.559  INFO 6380 --- [restartedMain] .ConditionEvaluationDeltaLoggingListener : Condition evaluation unchanged
2021-02-26 15:13:53.280  INFO 6380 --- [Thread-183] o.s.s.concurrent.ThreadPoolTaskExecutor  : Shutting down ExecutorService 'applicationTaskExecutor'
2021-02-26 15:13:53.396  INFO 6380 --- [restartedMain] c.w.s.SpringbootWebApplication           : Starting SpringbootWebApplication using Java 1.8.0_221 on DESKTOP-25LNI6I with PID 6380 (D:\IdeaWorkPlaces\DubboVue\dubbo-root\springboot-web\target\classes started by LY in D:\IdeaWorkPlaces\DubboVue\dubbo-root)
2021-02-26 15:13:53.396  INFO 6380 --- [restartedMain] c.w.s.SpringbootWebApplication           : The following profiles are active: dev
2021-02-26 15:13:53.519  INFO 6380 --- [restartedMain] o.s.b.w.embedded.tomcat.TomcatWebServer  : Tomcat initialized with port(s): 8888 (http)
2021-02-26 15:13:53.520  INFO 6380 --- [restartedMain] o.apache.catalina.core.StandardService   : Starting service [Tomcat]
2021-02-26 15:13:53.520  INFO 6380 --- [restartedMain] org.apache.catalina.core.StandardEngine  : Starting Servlet engine: [Apache Tomcat/9.0.43]
2021-02-26 15:13:53.529  INFO 6380 --- [restartedMain] o.a.c.c.C.[Tomcat].[localhost].[/]       : Initializing Spring embedded WebApplicationContext
2021-02-26 15:13:53.530  INFO 6380 --- [restartedMain] w.s.c.ServletWebServerApplicationContext : Root WebApplicationContext: initialization completed in 132 ms
2021-02-26 15:13:53.568  INFO 6380 --- [restartedMain] o.s.s.concurrent.ThreadPoolTaskExecutor  : Initializing ExecutorService 'applicationTaskExecutor'
2021-02-26 15:13:53.590  INFO 6380 --- [restartedMain] o.s.b.d.a.OptionalLiveReloadServer       : LiveReload server is running on port 35729
2021-02-26 15:13:53.598  INFO 6380 --- [restartedMain] o.s.b.w.embedded.tomcat.TomcatWebServer  : Tomcat started on port(s): 8888 (http) with context path ''
2021-02-26 15:13:53.601  INFO 6380 --- [restartedMain] c.w.s.SpringbootWebApplication           : Started SpringbootWebApplication in 0.223 seconds (JVM running for 15941.356)
2021-02-26 15:13:53.602  INFO 6380 --- [restartedMain] .ConditionEvaluationDeltaLoggingListener : Condition evaluation unchanged
2021-02-26 15:18:08.599  INFO 6380 --- [Thread-188] o.s.s.concurrent.ThreadPoolTaskExecutor  : Shutting down ExecutorService 'applicationTaskExecutor'
2021-02-26 15:18:08.676  INFO 6380 --- [restartedMain] c.w.s.SpringbootWebApplication           : Starting SpringbootWebApplication using Java 1.8.0_221 on DESKTOP-25LNI6I with PID 6380 (D:\IdeaWorkPlaces\DubboVue\dubbo-root\springboot-web\target\classes started by LY in D:\IdeaWorkPlaces\DubboVue\dubbo-root)
2021-02-26 15:18:08.676  INFO 6380 --- [restartedMain] c.w.s.SpringbootWebApplication           : The following profiles are active: dev
2021-02-26 15:18:08.830  INFO 6380 --- [restartedMain] o.s.b.w.embedded.tomcat.TomcatWebServer  : Tomcat initialized with port(s): 8888 (http)
2021-02-26 15:18:08.830  INFO 6380 --- [restartedMain] o.apache.catalina.core.StandardService   : Starting service [Tomcat]
2021-02-26 15:18:08.831  INFO 6380 --- [restartedMain] org.apache.catalina.core.StandardEngine  : Starting Servlet engine: [Apache Tomcat/9.0.43]
2021-02-26 15:18:08.850  INFO 6380 --- [restartedMain] o.a.c.c.C.[Tomcat].[localhost].[/]       : Initializing Spring embedded WebApplicationContext
2021-02-26 15:18:08.850  INFO 6380 --- [restartedMain] w.s.c.ServletWebServerApplicationContext : Root WebApplicationContext: initialization completed in 171 ms
2021-02-26 15:18:08.890  INFO 6380 --- [restartedMain] o.s.s.concurrent.ThreadPoolTaskExecutor  : Initializing ExecutorService 'applicationTaskExecutor'
2021-02-26 15:18:08.914  INFO 6380 --- [restartedMain] o.s.b.d.a.OptionalLiveReloadServer       : LiveReload server is running on port 35729
2021-02-26 15:18:08.923  INFO 6380 --- [restartedMain] o.s.b.w.embedded.tomcat.TomcatWebServer  : Tomcat started on port(s): 8888 (http) with context path ''
2021-02-26 15:18:08.926  INFO 6380 --- [restartedMain] c.w.s.SpringbootWebApplication           : Started SpringbootWebApplication in 0.268 seconds (JVM running for 16196.681)
2021-02-26 15:18:08.927  INFO 6380 --- [restartedMain] .ConditionEvaluationDeltaLoggingListener : Condition evaluation unchanged
2021-02-26 15:18:10.633  INFO 6380 --- [Thread-193] o.s.s.concurrent.ThreadPoolTaskExecutor  : Shutting down ExecutorService 'applicationTaskExecutor'
2021-02-26 15:18:10.702  INFO 6380 --- [restartedMain] c.w.s.SpringbootWebApplication           : Starting SpringbootWebApplication using Java 1.8.0_221 on DESKTOP-25LNI6I with PID 6380 (D:\IdeaWorkPlaces\DubboVue\dubbo-root\springboot-web\target\classes started by LY in D:\IdeaWorkPlaces\DubboVue\dubbo-root)
2021-02-26 15:18:10.702  INFO 6380 --- [restartedMain] c.w.s.SpringbootWebApplication           : The following profiles are active: dev
2021-02-26 15:18:10.824  INFO 6380 --- [restartedMain] o.s.b.w.embedded.tomcat.TomcatWebServer  : Tomcat initialized with port(s): 8888 (http)
2021-02-26 15:18:10.825  INFO 6380 --- [restartedMain] o.apache.catalina.core.StandardService   : Starting service [Tomcat]
2021-02-26 15:18:10.825  INFO 6380 --- [restartedMain] org.apache.catalina.core.StandardEngine  : Starting Servlet engine: [Apache Tomcat/9.0.43]
2021-02-26 15:18:10.834  INFO 6380 --- [restartedMain] o.a.c.c.C.[Tomcat].[localhost].[/]       : Initializing Spring embedded WebApplicationContext
2021-02-26 15:18:10.834  INFO 6380 --- [restartedMain] w.s.c.ServletWebServerApplicationContext : Root WebApplicationContext: initialization completed in 130 ms
2021-02-26 15:18:10.872  INFO 6380 --- [restartedMain] o.s.s.concurrent.ThreadPoolTaskExecutor  : Initializing ExecutorService 'applicationTaskExecutor'
2021-02-26 15:18:10.895  INFO 6380 --- [restartedMain] o.s.b.d.a.OptionalLiveReloadServer       : LiveReload server is running on port 35729
2021-02-26 15:18:10.904  INFO 6380 --- [restartedMain] o.s.b.w.embedded.tomcat.TomcatWebServer  : Tomcat started on port(s): 8888 (http) with context path ''
2021-02-26 15:18:10.907  INFO 6380 --- [restartedMain] c.w.s.SpringbootWebApplication           : Started SpringbootWebApplication in 0.222 seconds (JVM running for 16198.662)
2021-02-26 15:18:10.908  INFO 6380 --- [restartedMain] .ConditionEvaluationDeltaLoggingListener : Condition evaluation unchanged
2021-02-26 15:23:17.566  INFO 6380 --- [Thread-198] o.s.s.concurrent.ThreadPoolTaskExecutor  : Shutting down ExecutorService 'applicationTaskExecutor'
2021-02-26 15:23:17.669  INFO 6380 --- [restartedMain] c.w.s.SpringbootWebApplication           : Starting SpringbootWebApplication using Java 1.8.0_221 on DESKTOP-25LNI6I with PID 6380 (D:\IdeaWorkPlaces\DubboVue\dubbo-root\springboot-web\target\classes started by LY in D:\IdeaWorkPlaces\DubboVue\dubbo-root)
2021-02-26 15:23:17.669  INFO 6380 --- [restartedMain] c.w.s.SpringbootWebApplication           : The following profiles are active: dev
2021-02-26 15:23:17.886  INFO 6380 --- [restartedMain] o.s.b.w.embedded.tomcat.TomcatWebServer  : Tomcat initialized with port(s): 8888 (http)
2021-02-26 15:23:17.886  INFO 6380 --- [restartedMain] o.apache.catalina.core.StandardService   : Starting service [Tomcat]
2021-02-26 15:23:17.886  INFO 6380 --- [restartedMain] org.apache.catalina.core.StandardEngine  : Starting Servlet engine: [Apache Tomcat/9.0.43]
2021-02-26 15:23:17.897  INFO 6380 --- [restartedMain] o.a.c.c.C.[Tomcat].[localhost].[/]       : Initializing Spring embedded WebApplicationContext
2021-02-26 15:23:17.897  INFO 6380 --- [restartedMain] w.s.c.ServletWebServerApplicationContext : Root WebApplicationContext: initialization completed in 226 ms
2021-02-26 15:23:17.933  INFO 6380 --- [restartedMain] o.s.s.concurrent.ThreadPoolTaskExecutor  : Initializing ExecutorService 'applicationTaskExecutor'
2021-02-26 15:23:17.956  INFO 6380 --- [restartedMain] o.s.b.d.a.OptionalLiveReloadServer       : LiveReload server is running on port 35729
2021-02-26 15:23:17.964  INFO 6380 --- [restartedMain] o.s.b.w.embedded.tomcat.TomcatWebServer  : Tomcat started on port(s): 8888 (http) with context path ''
2021-02-26 15:23:17.967  INFO 6380 --- [restartedMain] c.w.s.SpringbootWebApplication           : Started SpringbootWebApplication in 0.32 seconds (JVM running for 16505.723)
2021-02-26 15:23:17.968  INFO 6380 --- [restartedMain] .ConditionEvaluationDeltaLoggingListener : Condition evaluation unchanged
2021-02-26 15:23:19.692  INFO 6380 --- [Thread-203] o.s.s.concurrent.ThreadPoolTaskExecutor  : Shutting down ExecutorService 'applicationTaskExecutor'
2021-02-26 15:23:19.764  INFO 6380 --- [restartedMain] c.w.s.SpringbootWebApplication           : Starting SpringbootWebApplication using Java 1.8.0_221 on DESKTOP-25LNI6I with PID 6380 (D:\IdeaWorkPlaces\DubboVue\dubbo-root\springboot-web\target\classes started by LY in D:\IdeaWorkPlaces\DubboVue\dubbo-root)
2021-02-26 15:23:19.764  INFO 6380 --- [restartedMain] c.w.s.SpringbootWebApplication           : The following profiles are active: dev
2021-02-26 15:23:19.891  INFO 6380 --- [restartedMain] o.s.b.w.embedded.tomcat.TomcatWebServer  : Tomcat initialized with port(s): 8888 (http)
2021-02-26 15:23:19.892  INFO 6380 --- [restartedMain] o.apache.catalina.core.StandardService   : Starting service [Tomcat]
2021-02-26 15:23:19.892  INFO 6380 --- [restartedMain] org.apache.catalina.core.StandardEngine  : Starting Servlet engine: [Apache Tomcat/9.0.43]
2021-02-26 15:23:19.902  INFO 6380 --- [restartedMain] o.a.c.c.C.[Tomcat].[localhost].[/]       : Initializing Spring embedded WebApplicationContext
2021-02-26 15:23:19.902  INFO 6380 --- [restartedMain] w.s.c.ServletWebServerApplicationContext : Root WebApplicationContext: initialization completed in 137 ms
2021-02-26 15:23:19.936  INFO 6380 --- [restartedMain] o.s.s.concurrent.ThreadPoolTaskExecutor  : Initializing ExecutorService 'applicationTaskExecutor'
2021-02-26 15:23:19.958  INFO 6380 --- [restartedMain] o.s.b.d.a.OptionalLiveReloadServer       : LiveReload server is running on port 35729
2021-02-26 15:23:19.965  INFO 6380 --- [restartedMain] o.s.b.w.embedded.tomcat.TomcatWebServer  : Tomcat started on port(s): 8888 (http) with context path ''
2021-02-26 15:23:19.968  INFO 6380 --- [restartedMain] c.w.s.SpringbootWebApplication           : Started SpringbootWebApplication in 0.223 seconds (JVM running for 16507.723)
2021-02-26 15:23:19.969  INFO 6380 --- [restartedMain] .ConditionEvaluationDeltaLoggingListener : Condition evaluation unchanged
